# JRE version: OpenJDK Runtime Environment (8.0_242) (build 1.8.0_242-release-1644-b3-6222593)
# Java VM: OpenJDK 64-Bit Server VM (25.242-b3-6222593 mixed mode linux-amd64 compressed oops)
Heap:
 PSYoungGen      total 497152K, used 11305K [0x00000000e0000000, 0x00000000fff80000, 0x0000000100000000)
  eden space 472576K, 0% used [0x00000000e0000000,0x00000000e03a44c8,0x00000000fcd80000)
  from space 24576K, 30% used [0x00000000fcd80000,0x00000000fd4e5f80,0x00000000fe580000)
  to   space 24064K, 0% used [0x00000000fe800000,0x00000000fe800000,0x00000000fff80000)
 ParOldGen       total 355328K, used 204511K [0x00000000a0000000, 0x00000000b5b00000, 0x00000000e0000000)
  object space 355328K, 57% used [0x00000000a0000000,0x00000000ac7b7c60,0x00000000b5b00000)
 Metaspace       used 88202K, capacity 92824K, committed 93096K, reserved 1130496K
  class space    used 11654K, capacity 12578K, committed 12712K, reserved 1048576K
GC Heap History (10 events):
Event: 59.865 GC heap after
Heap after GC invocations=79 (full 5):
 PSYoungGen      total 494592K, used 16004K [0x00000000e0000000, 0x00000000ffd80000, 0x0000000100000000)
  eden space 467456K, 0% used [0x00000000e0000000,0x00000000e0000000,0x00000000fc880000)
  from space 27136K, 58% used [0x00000000fe300000,0x00000000ff2a1190,0x00000000ffd80000)
  to   space 27136K, 0% used [0x00000000fc880000,0x00000000fc880000,0x00000000fe300000)
 ParOldGen       total 355328K, used 155864K [0x00000000a0000000, 0x00000000b5b00000, 0x00000000e0000000)
  object space 355328K, 43% used [0x00000000a0000000,0x00000000a98363f8,0x00000000b5b00000)
 Metaspace       used 87138K, capacity 91620K, committed 92200K, reserved 1128448K
  class space    used 11506K, capacity 12406K, committed 12584K, reserved 1048576K
}
Event: 60.323 GC heap before
{Heap before GC invocations=80 (full 5):
 PSYoungGen      total 494592K, used 483460K [0x00000000e0000000, 0x00000000ffd80000, 0x0000000100000000)
  eden space 467456K, 100% used [0x00000000e0000000,0x00000000fc880000,0x00000000fc880000)
  from space 27136K, 58% used [0x00000000fe300000,0x00000000ff2a1190,0x00000000ffd80000)
  to   space 27136K, 0% used [0x00000000fc880000,0x00000000fc880000,0x00000000fe300000)
 ParOldGen       total 355328K, used 155864K [0x00000000a0000000, 0x00000000b5b00000, 0x00000000e0000000)
  object space 355328K, 43% used [0x00000000a0000000,0x00000000a98363f8,0x00000000b5b00000)
 Metaspace       used 87138K, capacity 91620K, committed 92200K, reserved 1128448K
  class space    used 11506K, capacity 12406K, committed 12584K, reserved 1048576K
Event: 60.341 GC heap after
Heap after GC invocations=80 (full 5):
 PSYoungGen      total 494592K, used 12244K [0x00000000e0000000, 0x00000000ffe00000, 0x0000000100000000)
  eden space 467456K, 0% used [0x00000000e0000000,0x00000000e0000000,0x00000000fc880000)
  from space 27136K, 45% used [0x00000000fc880000,0x00000000fd4752d0,0x00000000fe300000)
  to   space 26112K, 0% used [0x00000000fe480000,0x00000000fe480000,0x00000000ffe00000)
 ParOldGen       total 355328K, used 170418K [0x00000000a0000000, 0x00000000b5b00000, 0x00000000e0000000)
  object space 355328K, 47% used [0x00000000a0000000,0x00000000aa66cb98,0x00000000b5b00000)
 Metaspace       used 87138K, capacity 91620K, committed 92200K, reserved 1128448K
  class space    used 11506K, capacity 12406K, committed 12584K, reserved 1048576K
}
Event: 60.800 GC heap before
{Heap before GC invocations=81 (full 5):
 PSYoungGen      total 494592K, used 479700K [0x00000000e0000000, 0x00000000ffe00000, 0x0000000100000000)
  eden space 467456K, 100% used [0x00000000e0000000,0x00000000fc880000,0x00000000fc880000)
  from space 27136K, 45% used [0x00000000fc880000,0x00000000fd4752d0,0x00000000fe300000)
  to   space 26112K, 0% used [0x00000000fe480000,0x00000000fe480000,0x00000000ffe00000)
 ParOldGen       total 355328K, used 170418K [0x00000000a0000000, 0x00000000b5b00000, 0x00000000e0000000)
  object space 355328K, 47% used [0x00000000a0000000,0x00000000aa66cb98,0x00000000b5b00000)
 Metaspace       used 87139K, capacity 91620K, committed 92200K, reserved 1128448K
  class space    used 11506K, capacity 12406K, committed 12584K, reserved 1048576K
Event: 60.822 GC heap after
Heap after GC invocations=81 (full 5):
 PSYoungGen      total 496128K, used 6250K [0x00000000e0000000, 0x00000000fff00000, 0x0000000100000000)
  eden space 470016K, 0% used [0x00000000e0000000,0x00000000e0000000,0x00000000fcb00000)
  from space 26112K, 23% used [0x00000000fe480000,0x00000000fea9a870,0x00000000ffe00000)
  to   space 26112K, 0% used [0x00000000fcb00000,0x00000000fcb00000,0x00000000fe480000)
 ParOldGen       total 355328K, used 182182K [0x00000000a0000000, 0x00000000b5b00000, 0x00000000e0000000)
  object space 355328K, 51% used [0x00000000a0000000,0x00000000ab1e9898,0x00000000b5b00000)
 Metaspace       used 87139K, capacity 91620K, committed 92200K, reserved 1128448K
  class space    used 11506K, capacity 12406K, committed 12584K, reserved 1048576K
}
Event: 61.384 GC heap before
{Heap before GC invocations=82 (full 5):
 PSYoungGen      total 496128K, used 476266K [0x00000000e0000000, 0x00000000fff00000, 0x0000000100000000)
  eden space 470016K, 100% used [0x00000000e0000000,0x00000000fcb00000,0x00000000fcb00000)
  from space 26112K, 23% used [0x00000000fe480000,0x00000000fea9a870,0x00000000ffe00000)
  to   space 26112K, 0% used [0x00000000fcb00000,0x00000000fcb00000,0x00000000fe480000)
 ParOldGen       total 355328K, used 182182K [0x00000000a0000000, 0x00000000b5b00000, 0x00000000e0000000)
  object space 355328K, 51% used [0x00000000a0000000,0x00000000ab1e9898,0x00000000b5b00000)
 Metaspace       used 87141K, capacity 91620K, committed 92200K, reserved 1128448K
  class space    used 11507K, capacity 12406K, committed 12584K, reserved 1048576K
Event: 61.403 GC heap after
Heap after GC invocations=82 (full 5):
 PSYoungGen      total 496128K, used 15400K [0x00000000e0000000, 0x00000000fff00000, 0x0000000100000000)
  eden space 470016K, 0% used [0x00000000e0000000,0x00000000e0000000,0x00000000fcb00000)
  from space 26112K, 58% used [0x00000000fcb00000,0x00000000fda0a380,0x00000000fe480000)
  to   space 25600K, 0% used [0x00000000fe600000,0x00000000fe600000,0x00000000fff00000)
 ParOldGen       total 355328K, used 186683K [0x00000000a0000000, 0x00000000b5b00000, 0x00000000e0000000)
  object space 355328K, 52% used [0x00000000a0000000,0x00000000ab64efd8,0x00000000b5b00000)
 Metaspace       used 87141K, capacity 91620K, committed 92200K, reserved 1128448K
  class space    used 11507K, capacity 12406K, committed 12584K, reserved 1048576K
}
Event: 61.943 GC heap before
{Heap before GC invocations=83 (full 5):
 PSYoungGen      total 496128K, used 485416K [0x00000000e0000000, 0x00000000fff00000, 0x0000000100000000)
  eden space 470016K, 100% used [0x00000000e0000000,0x00000000fcb00000,0x00000000fcb00000)
  from space 26112K, 58% used [0x00000000fcb00000,0x00000000fda0a380,0x00000000fe480000)
  to   space 25600K, 0% used [0x00000000fe600000,0x00000000fe600000,0x00000000fff00000)
 ParOldGen       total 355328K, used 186683K [0x00000000a0000000, 0x00000000b5b00000, 0x00000000e0000000)
  object space 355328K, 52% used [0x00000000a0000000,0x00000000ab64efd8,0x00000000b5b00000)
 Metaspace       used 87413K, capacity 91906K, committed 92456K, reserved 1128448K
  class space    used 11549K, capacity 12475K, committed 12584K, reserved 1048576K
Event: 61.969 GC heap after
Heap after GC invocations=83 (full 5):
 PSYoungGen      total 496640K, used 12556K [0x00000000e0000000, 0x00000000ffd80000, 0x0000000100000000)
  eden space 472576K, 0% used [0x00000000e0000000,0x00000000e0000000,0x00000000fcd80000)
  from space 24064K, 52% used [0x00000000fe600000,0x00000000ff2432e0,0x00000000ffd80000)
  to   space 24576K, 0% used [0x00000000fcd80000,0x00000000fcd80000,0x00000000fe580000)
 ParOldGen       total 355328K, used 198024K [0x00000000a0000000, 0x00000000b5b00000, 0x00000000e0000000)
  object space 355328K, 55% used [0x00000000a0000000,0x00000000ac162368,0x00000000b5b00000)
 Metaspace       used 87413K, capacity 91906K, committed 92456K, reserved 1128448K
  class space    used 11549K, capacity 12475K, committed 12584K, reserved 1048576K
}
Event: 62.824 GC heap before
{Heap before GC invocations=84 (full 5):
 PSYoungGen      total 496640K, used 485132K [0x00000000e0000000, 0x00000000ffd80000, 0x0000000100000000)
  eden space 472576K, 100% used [0x00000000e0000000,0x00000000fcd80000,0x00000000fcd80000)
  from space 24064K, 52% used [0x00000000fe600000,0x00000000ff2432e0,0x00000000ffd80000)
  to   space 24576K, 0% used [0x00000000fcd80000,0x00000000fcd80000,0x00000000fe580000)
 ParOldGen       total 355328K, used 198024K [0x00000000a0000000, 0x00000000b5b00000, 0x00000000e0000000)
  object space 355328K, 55% used [0x00000000a0000000,0x00000000ac162368,0x00000000b5b00000)
 Metaspace       used 88202K, capacity 92760K, committed 93096K, reserved 1130496K
  class space    used 11654K, capacity 12578K, committed 12712K, reserved 1048576K

