# JRE version: OpenJDK Runtime Environment (8.0_242) (build 1.8.0_242-release-1644-b3-6222593)
# Java VM: OpenJDK 64-Bit Server VM (25.242-b3-6222593 mixed mode linux-amd64 compressed oops)
Heap:
 PSYoungGen      total 229376K, used 21500K [0x00000000e0000000, 0x00000000f3980000, 0x0000000100000000)
  eden space 207872K, 0% used [0x00000000e0000000,0x00000000e0000000,0x00000000ecb00000)
  from space 21504K, 99% used [0x00000000ecb00000,0x00000000edfff1d8,0x00000000ee000000)
  to   space 26112K, 0% used [0x00000000f2000000,0x00000000f2000000,0x00000000f3980000)
 ParOldGen       total 152576K, used 26965K [0x00000000a0000000, 0x00000000a9500000, 0x00000000e0000000)
  object space 152576K, 17% used [0x00000000a0000000,0x00000000a1a55708,0x00000000a9500000)
 Metaspace       used 57060K, capacity 59094K, committed 59160K, reserved 1099776K
  class space    used 7812K, capacity 8305K, committed 8360K, reserved 1048576K
GC Heap History (10 events):
Event: 2.496 GC heap after
Heap after GC invocations=5 (full 1):
 PSYoungGen      total 148992K, used 7669K [0x00000000e0000000, 0x00000000ecd00000, 0x0000000100000000)
  eden space 141312K, 0% used [0x00000000e0000000,0x00000000e0000000,0x00000000e8a00000)
  from space 7680K, 99% used [0x00000000ec580000,0x00000000eccfd6b0,0x00000000ecd00000)
  to   space 7680K, 0% used [0x00000000ebe00000,0x00000000ebe00000,0x00000000ec580000)
 ParOldGen       total 96768K, used 16856K [0x00000000a0000000, 0x00000000a5e80000, 0x00000000e0000000)
  object space 96768K, 17% used [0x00000000a0000000,0x00000000a10763e8,0x00000000a5e80000)
 Metaspace       used 30606K, capacity 31370K, committed 31536K, reserved 1077248K
  class space    used 4125K, capacity 4336K, committed 4400K, reserved 1048576K
}
Event: 3.061 GC heap before
{Heap before GC invocations=6 (full 1):
 PSYoungGen      total 148992K, used 86311K [0x00000000e0000000, 0x00000000ecd00000, 0x0000000100000000)
  eden space 141312K, 55% used [0x00000000e0000000,0x00000000e4ccc710,0x00000000e8a00000)
  from space 7680K, 99% used [0x00000000ec580000,0x00000000eccfd6b0,0x00000000ecd00000)
  to   space 7680K, 0% used [0x00000000ebe00000,0x00000000ebe00000,0x00000000ec580000)
 ParOldGen       total 96768K, used 16856K [0x00000000a0000000, 0x00000000a5e80000, 0x00000000e0000000)
  object space 96768K, 17% used [0x00000000a0000000,0x00000000a10763e8,0x00000000a5e80000)
 Metaspace       used 34372K, capacity 35430K, committed 35496K, reserved 1079296K
  class space    used 4682K, capacity 4975K, committed 5032K, reserved 1048576K
Event: 3.078 GC heap after
Heap after GC invocations=6 (full 1):
 PSYoungGen      total 202240K, used 7680K [0x00000000e0000000, 0x00000000eef80000, 0x0000000100000000)
  eden space 194560K, 0% used [0x00000000e0000000,0x00000000e0000000,0x00000000ebe00000)
  from space 7680K, 100% used [0x00000000ebe00000,0x00000000ec580000,0x00000000ec580000)
  to   space 15872K, 0% used [0x00000000ee000000,0x00000000ee000000,0x00000000eef80000)
 ParOldGen       total 96768K, used 20649K [0x00000000a0000000, 0x00000000a5e80000, 0x00000000e0000000)
  object space 96768K, 21% used [0x00000000a0000000,0x00000000a142a440,0x00000000a5e80000)
 Metaspace       used 34372K, capacity 35430K, committed 35496K, reserved 1079296K
  class space    used 4682K, capacity 4975K, committed 5032K, reserved 1048576K
}
Event: 3.078 GC heap before
{Heap before GC invocations=7 (full 2):
 PSYoungGen      total 202240K, used 7680K [0x00000000e0000000, 0x00000000eef80000, 0x0000000100000000)
  eden space 194560K, 0% used [0x00000000e0000000,0x00000000e0000000,0x00000000ebe00000)
  from space 7680K, 100% used [0x00000000ebe00000,0x00000000ec580000,0x00000000ec580000)
  to   space 15872K, 0% used [0x00000000ee000000,0x00000000ee000000,0x00000000eef80000)
 ParOldGen       total 96768K, used 20649K [0x00000000a0000000, 0x00000000a5e80000, 0x00000000e0000000)
  object space 96768K, 21% used [0x00000000a0000000,0x00000000a142a440,0x00000000a5e80000)
 Metaspace       used 34372K, capacity 35430K, committed 35496K, reserved 1079296K
  class space    used 4682K, capacity 4975K, committed 5032K, reserved 1048576K
Event: 3.166 GC heap after
Heap after GC invocations=7 (full 2):
 PSYoungGen      total 202240K, used 0K [0x00000000e0000000, 0x00000000eef80000, 0x0000000100000000)
  eden space 194560K, 0% used [0x00000000e0000000,0x00000000e0000000,0x00000000ebe00000)
  from space 7680K, 0% used [0x00000000ebe00000,0x00000000ebe00000,0x00000000ec580000)
  to   space 15872K, 0% used [0x00000000ee000000,0x00000000ee000000,0x00000000eef80000)
 ParOldGen       total 152576K, used 18762K [0x00000000a0000000, 0x00000000a9500000, 0x00000000e0000000)
  object space 152576K, 12% used [0x00000000a0000000,0x00000000a1252bf8,0x00000000a9500000)
 Metaspace       used 34372K, capacity 35430K, committed 35496K, reserved 1079296K
  class space    used 4682K, capacity 4975K, committed 5032K, reserved 1048576K
}
Event: 4.739 GC heap before
{Heap before GC invocations=8 (full 2):
 PSYoungGen      total 202240K, used 194560K [0x00000000e0000000, 0x00000000eef80000, 0x0000000100000000)
  eden space 194560K, 100% used [0x00000000e0000000,0x00000000ebe00000,0x00000000ebe00000)
  from space 7680K, 0% used [0x00000000ebe00000,0x00000000ebe00000,0x00000000ec580000)
  to   space 15872K, 0% used [0x00000000ee000000,0x00000000ee000000,0x00000000eef80000)
 ParOldGen       total 152576K, used 18762K [0x00000000a0000000, 0x00000000a9500000, 0x00000000e0000000)
  object space 152576K, 12% used [0x00000000a0000000,0x00000000a1252bf8,0x00000000a9500000)
 Metaspace       used 48011K, capacity 49716K, committed 49960K, reserved 1091584K
  class space    used 6473K, capacity 6877K, committed 6952K, reserved 1048576K
Event: 4.756 GC heap after
Heap after GC invocations=8 (full 2):
 PSYoungGen      total 223744K, used 15842K [0x00000000e0000000, 0x00000000f1e80000, 0x0000000100000000)
  eden space 207872K, 0% used [0x00000000e0000000,0x00000000e0000000,0x00000000ecb00000)
  from space 15872K, 99% used [0x00000000ee000000,0x00000000eef78838,0x00000000eef80000)
  to   space 21504K, 0% used [0x00000000ecb00000,0x00000000ecb00000,0x00000000ee000000)
 ParOldGen       total 152576K, used 24518K [0x00000000a0000000, 0x00000000a9500000, 0x00000000e0000000)
  object space 152576K, 16% used [0x00000000a0000000,0x00000000a17f1960,0x00000000a9500000)
 Metaspace       used 48011K, capacity 49716K, committed 49960K, reserved 1091584K
  class space    used 6473K, capacity 6877K, committed 6952K, reserved 1048576K
}
Event: 5.840 GC heap before
{Heap before GC invocations=9 (full 2):
 PSYoungGen      total 223744K, used 143229K [0x00000000e0000000, 0x00000000f1e80000, 0x0000000100000000)
  eden space 207872K, 61% used [0x00000000e0000000,0x00000000e7c66db8,0x00000000ecb00000)
  from space 15872K, 99% used [0x00000000ee000000,0x00000000eef78838,0x00000000eef80000)
  to   space 21504K, 0% used [0x00000000ecb00000,0x00000000ecb00000,0x00000000ee000000)
 ParOldGen       total 152576K, used 24518K [0x00000000a0000000, 0x00000000a9500000, 0x00000000e0000000)
  object space 152576K, 16% used [0x00000000a0000000,0x00000000a17f1960,0x00000000a9500000)
 Metaspace       used 57060K, capacity 59094K, committed 59160K, reserved 1099776K
  class space    used 7812K, capacity 8305K, committed 8360K, reserved 1048576K
Event: 5.860 GC heap after
Heap after GC invocations=9 (full 2):
 PSYoungGen      total 229376K, used 21500K [0x00000000e0000000, 0x00000000f3980000, 0x0000000100000000)
  eden space 207872K, 0% used [0x00000000e0000000,0x00000000e0000000,0x00000000ecb00000)
  from space 21504K, 99% used [0x00000000ecb00000,0x00000000edfff1d8,0x00000000ee000000)
  to   space 26112K, 0% used [0x00000000f2000000,0x00000000f2000000,0x00000000f3980000)
 ParOldGen       total 152576K, used 26965K [0x00000000a0000000, 0x00000000a9500000, 0x00000000e0000000)
  object space 152576K, 17% used [0x00000000a0000000,0x00000000a1a55708,0x00000000a9500000)
 Metaspace       used 57060K, capacity 59094K, committed 59160K, reserved 1099776K
  class space    used 7812K, capacity 8305K, committed 8360K, reserved 1048576K
}
Event: 5.860 GC heap before
{Heap before GC invocations=10 (full 3):
 PSYoungGen      total 229376K, used 21500K [0x00000000e0000000, 0x00000000f3980000, 0x0000000100000000)
  eden space 207872K, 0% used [0x00000000e0000000,0x00000000e0000000,0x00000000ecb00000)
  from space 21504K, 99% used [0x00000000ecb00000,0x00000000edfff1d8,0x00000000ee000000)
  to   space 26112K, 0% used [0x00000000f2000000,0x00000000f2000000,0x00000000f3980000)
 ParOldGen       total 152576K, used 26965K [0x00000000a0000000, 0x00000000a9500000, 0x00000000e0000000)
  object space 152576K, 17% used [0x00000000a0000000,0x00000000a1a55708,0x00000000a9500000)
 Metaspace       used 57060K, capacity 59094K, committed 59160K, reserved 1099776K
  class space    used 7812K, capacity 8305K, committed 8360K, reserved 1048576K

