# JRE version: OpenJDK Runtime Environment (8.0_242) (build 1.8.0_242-release-1644-b3-6222593)
# Java VM: OpenJDK 64-Bit Server VM (25.242-b3-6222593 mixed mode linux-amd64 compressed oops)
Heap:
 PSYoungGen      total 56320K, used 43565K [0x00000000e0000000, 0x00000000e6e00000, 0x0000000100000000)
  eden space 48640K, 73% used [0x00000000e0000000,0x00000000e230de60,0x00000000e2f80000)
  from space 7680K, 99% used [0x00000000e2f80000,0x00000000e36fd7f0,0x00000000e3700000)
  to   space 7680K, 0% used [0x00000000e6680000,0x00000000e6680000,0x00000000e6e00000)
 ParOldGen       total 128512K, used 2009K [0x00000000a0000000, 0x00000000a7d80000, 0x00000000e0000000)
  object space 128512K, 1% used [0x00000000a0000000,0x00000000a01f6600,0x00000000a7d80000)
 Metaspace       used 19823K, capacity 20398K, committed 20736K, reserved 1067008K
  class space    used 2782K, capacity 2957K, committed 3072K, reserved 1048576K
GC Heap History (6 events):
Event: 0.529 GC heap before
{Heap before GC invocations=1 (full 0):
 PSYoungGen      total 56320K, used 48640K [0x00000000e0000000, 0x00000000e3e80000, 0x0000000100000000)
  eden space 48640K, 100% used [0x00000000e0000000,0x00000000e2f80000,0x00000000e2f80000)
  from space 7680K, 0% used [0x00000000e3700000,0x00000000e3700000,0x00000000e3e80000)
  to   space 7680K, 0% used [0x00000000e2f80000,0x00000000e2f80000,0x00000000e3700000)
 ParOldGen       total 128512K, used 0K [0x00000000a0000000, 0x00000000a7d80000, 0x00000000e0000000)
  object space 128512K, 0% used [0x00000000a0000000,0x00000000a0000000,0x00000000a7d80000)
 Metaspace       used 7540K, capacity 7760K, committed 8064K, reserved 1056768K
  class space    used 926K, capacity 1032K, committed 1152K, reserved 1048576K
Event: 0.533 GC heap after
Heap after GC invocations=1 (full 0):
 PSYoungGen      total 56320K, used 5180K [0x00000000e0000000, 0x00000000e3e80000, 0x0000000100000000)
  eden space 48640K, 0% used [0x00000000e0000000,0x00000000e0000000,0x00000000e2f80000)
  from space 7680K, 67% used [0x00000000e2f80000,0x00000000e348f2f8,0x00000000e3700000)
  to   space 7680K, 0% used [0x00000000e3700000,0x00000000e3700000,0x00000000e3e80000)
 ParOldGen       total 128512K, used 8K [0x00000000a0000000, 0x00000000a7d80000, 0x00000000e0000000)
  object space 128512K, 0% used [0x00000000a0000000,0x00000000a0002000,0x00000000a7d80000)
 Metaspace       used 7540K, capacity 7760K, committed 8064K, reserved 1056768K
  class space    used 926K, capacity 1032K, committed 1152K, reserved 1048576K
}
Event: 0.892 GC heap before
{Heap before GC invocations=2 (full 0):
 PSYoungGen      total 56320K, used 53820K [0x00000000e0000000, 0x00000000e3e80000, 0x0000000100000000)
  eden space 48640K, 100% used [0x00000000e0000000,0x00000000e2f80000,0x00000000e2f80000)
  from space 7680K, 67% used [0x00000000e2f80000,0x00000000e348f2f8,0x00000000e3700000)
  to   space 7680K, 0% used [0x00000000e3700000,0x00000000e3700000,0x00000000e3e80000)
 ParOldGen       total 128512K, used 8K [0x00000000a0000000, 0x00000000a7d80000, 0x00000000e0000000)
  object space 128512K, 0% used [0x00000000a0000000,0x00000000a0002000,0x00000000a7d80000)
 Metaspace       used 12311K, capacity 12646K, committed 12928K, reserved 1060864K
  class space    used 1688K, capacity 1811K, committed 1920K, reserved 1048576K
Event: 0.898 GC heap after
Heap after GC invocations=2 (full 0):
 PSYoungGen      total 56320K, used 7168K [0x00000000e0000000, 0x00000000e6e00000, 0x0000000100000000)
  eden space 48640K, 0% used [0x00000000e0000000,0x00000000e0000000,0x00000000e2f80000)
  from space 7680K, 93% used [0x00000000e3700000,0x00000000e3e00338,0x00000000e3e80000)
  to   space 7680K, 0% used [0x00000000e2f80000,0x00000000e2f80000,0x00000000e3700000)
 ParOldGen       total 128512K, used 16K [0x00000000a0000000, 0x00000000a7d80000, 0x00000000e0000000)
  object space 128512K, 0% used [0x00000000a0000000,0x00000000a0004000,0x00000000a7d80000)
 Metaspace       used 12311K, capacity 12646K, committed 12928K, reserved 1060864K
  class space    used 1688K, capacity 1811K, committed 1920K, reserved 1048576K
}
Event: 1.223 GC heap before
{Heap before GC invocations=3 (full 0):
 PSYoungGen      total 56320K, used 55808K [0x00000000e0000000, 0x00000000e6e00000, 0x0000000100000000)
  eden space 48640K, 100% used [0x00000000e0000000,0x00000000e2f80000,0x00000000e2f80000)
  from space 7680K, 93% used [0x00000000e3700000,0x00000000e3e00338,0x00000000e3e80000)
  to   space 7680K, 0% used [0x00000000e2f80000,0x00000000e2f80000,0x00000000e3700000)
 ParOldGen       total 128512K, used 16K [0x00000000a0000000, 0x00000000a7d80000, 0x00000000e0000000)
  object space 128512K, 0% used [0x00000000a0000000,0x00000000a0004000,0x00000000a7d80000)
 Metaspace       used 16905K, capacity 17406K, committed 17664K, reserved 1064960K
  class space    used 2317K, capacity 2483K, committed 2560K, reserved 1048576K
Event: 1.231 GC heap after
Heap after GC invocations=3 (full 0):
 PSYoungGen      total 56320K, used 7669K [0x00000000e0000000, 0x00000000e6e00000, 0x0000000100000000)
  eden space 48640K, 0% used [0x00000000e0000000,0x00000000e0000000,0x00000000e2f80000)
  from space 7680K, 99% used [0x00000000e2f80000,0x00000000e36fd7f0,0x00000000e3700000)
  to   space 7680K, 0% used [0x00000000e6680000,0x00000000e6680000,0x00000000e6e00000)
 ParOldGen       total 128512K, used 2009K [0x00000000a0000000, 0x00000000a7d80000, 0x00000000e0000000)
  object space 128512K, 1% used [0x00000000a0000000,0x00000000a01f6600,0x00000000a7d80000)
 Metaspace       used 16905K, capacity 17406K, committed 17664K, reserved 1064960K
  class space    used 2317K, capacity 2483K, committed 2560K, reserved 1048576K
}

