# JRE version: OpenJDK Runtime Environment (8.0_242) (build 1.8.0_242-release-1644-b3-6222593)
# Java VM: OpenJDK 64-Bit Server VM (25.242-b3-6222593 mixed mode linux-amd64 compressed oops)
Heap:
 PSYoungGen      total 380416K, used 34646K [0x00000000e0000000, 0x00000000ff080000, 0x0000000100000000)
  eden space 270848K, 0% used [0x00000000e0000000,0x00000000e0000000,0x00000000f0880000)
  from space 109568K, 31% used [0x00000000f8580000,0x00000000fa7558f0,0x00000000ff080000)
  to   space 118784K, 0% used [0x00000000f0880000,0x00000000f0880000,0x00000000f7c80000)
 ParOldGen       total 567296K, used 485800K [0x00000000a0000000, 0x00000000c2a00000, 0x00000000e0000000)
  object space 567296K, 85% used [0x00000000a0000000,0x00000000bda6a090,0x00000000c2a00000)
 Metaspace       used 103820K, capacity 108416K, committed 108584K, reserved 1144832K
  class space    used 12852K, capacity 13740K, committed 13872K, reserved 1048576K
GC Heap History (10 events):
Event: 201.421 GC heap after
Heap after GC invocations=131 (full 6):
 PSYoungGen      total 492032K, used 32238K [0x00000000e0000000, 0x0000000100000000, 0x0000000100000000)
  eden space 459776K, 0% used [0x00000000e0000000,0x00000000e0000000,0x00000000fc100000)
  from space 32256K, 99% used [0x00000000fc100000,0x00000000fe07bb80,0x00000000fe080000)
  to   space 32256K, 0% used [0x00000000fe080000,0x00000000fe080000,0x0000000100000000)
 ParOldGen       total 594432K, used 594185K [0x00000000a0000000, 0x00000000c4480000, 0x00000000e0000000)
  object space 594432K, 99% used [0x00000000a0000000,0x00000000c4442600,0x00000000c4480000)
 Metaspace       used 103636K, capacity 108230K, committed 108456K, reserved 1144832K
  class space    used 12847K, capacity 13733K, committed 13744K, reserved 1048576K
}
Event: 201.421 GC heap before
{Heap before GC invocations=132 (full 7):
 PSYoungGen      total 492032K, used 32238K [0x00000000e0000000, 0x0000000100000000, 0x0000000100000000)
  eden space 459776K, 0% used [0x00000000e0000000,0x00000000e0000000,0x00000000fc100000)
  from space 32256K, 99% used [0x00000000fc100000,0x00000000fe07bb80,0x00000000fe080000)
  to   space 32256K, 0% used [0x00000000fe080000,0x00000000fe080000,0x0000000100000000)
 ParOldGen       total 594432K, used 594185K [0x00000000a0000000, 0x00000000c4480000, 0x00000000e0000000)
  object space 594432K, 99% used [0x00000000a0000000,0x00000000c4442600,0x00000000c4480000)
 Metaspace       used 103636K, capacity 108230K, committed 108456K, reserved 1144832K
  class space    used 12847K, capacity 13733K, committed 13744K, reserved 1048576K
Event: 201.907 GC heap after
Heap after GC invocations=132 (full 7):
 PSYoungGen      total 492032K, used 0K [0x00000000e0000000, 0x0000000100000000, 0x0000000100000000)
  eden space 459776K, 0% used [0x00000000e0000000,0x00000000e0000000,0x00000000fc100000)
  from space 32256K, 0% used [0x00000000fc100000,0x00000000fc100000,0x00000000fe080000)
  to   space 32256K, 0% used [0x00000000fe080000,0x00000000fe080000,0x0000000100000000)
 ParOldGen       total 567296K, used 239221K [0x00000000a0000000, 0x00000000c2a00000, 0x00000000e0000000)
  object space 567296K, 42% used [0x00000000a0000000,0x00000000ae99d678,0x00000000c2a00000)
 Metaspace       used 103635K, capacity 108228K, committed 108456K, reserved 1144832K
  class space    used 12847K, capacity 13732K, committed 13744K, reserved 1048576K
}
Event: 203.462 GC heap before
{Heap before GC invocations=133 (full 7):
 PSYoungGen      total 492032K, used 459776K [0x00000000e0000000, 0x0000000100000000, 0x0000000100000000)
  eden space 459776K, 100% used [0x00000000e0000000,0x00000000fc100000,0x00000000fc100000)
  from space 32256K, 0% used [0x00000000fc100000,0x00000000fc100000,0x00000000fe080000)
  to   space 32256K, 0% used [0x00000000fe080000,0x00000000fe080000,0x0000000100000000)
 ParOldGen       total 567296K, used 239221K [0x00000000a0000000, 0x00000000c2a00000, 0x00000000e0000000)
  object space 567296K, 42% used [0x00000000a0000000,0x00000000ae99d678,0x00000000c2a00000)
 Metaspace       used 103718K, capacity 108312K, committed 108456K, reserved 1144832K
  class space    used 12847K, capacity 13732K, committed 13744K, reserved 1048576K
Event: 203.644 GC heap after
Heap after GC invocations=133 (full 7):
 PSYoungGen      total 300544K, used 32226K [0x00000000e0000000, 0x0000000100000000, 0x0000000100000000)
  eden space 268288K, 0% used [0x00000000e0000000,0x00000000e0000000,0x00000000f0600000)
  from space 32256K, 99% used [0x00000000fe080000,0x00000000ffff89b8,0x0000000100000000)
  to   space 128000K, 0% used [0x00000000f0600000,0x00000000f0600000,0x00000000f8300000)
 ParOldGen       total 567296K, used 398074K [0x00000000a0000000, 0x00000000c2a00000, 0x00000000e0000000)
  object space 567296K, 70% used [0x00000000a0000000,0x00000000b84beb10,0x00000000c2a00000)
 Metaspace       used 103718K, capacity 108312K, committed 108456K, reserved 1144832K
  class space    used 12847K, capacity 13732K, committed 13744K, reserved 1048576K
}
Event: 205.701 GC heap before
{Heap before GC invocations=134 (full 7):
 PSYoungGen      total 300544K, used 300514K [0x00000000e0000000, 0x0000000100000000, 0x0000000100000000)
  eden space 268288K, 100% used [0x00000000e0000000,0x00000000f0600000,0x00000000f0600000)
  from space 32256K, 99% used [0x00000000fe080000,0x00000000ffff89b8,0x0000000100000000)
  to   space 128000K, 0% used [0x00000000f0600000,0x00000000f0600000,0x00000000f8300000)
 ParOldGen       total 567296K, used 398074K [0x00000000a0000000, 0x00000000c2a00000, 0x00000000e0000000)
  object space 567296K, 70% used [0x00000000a0000000,0x00000000b84beb10,0x00000000c2a00000)
 Metaspace       used 103818K, capacity 108416K, committed 108584K, reserved 1144832K
  class space    used 12852K, capacity 13740K, committed 13872K, reserved 1048576K
Event: 205.775 GC heap after
Heap after GC invocations=134 (full 7):
 PSYoungGen      total 396288K, used 57733K [0x00000000e0000000, 0x0000000100000000, 0x0000000100000000)
  eden space 268288K, 0% used [0x00000000e0000000,0x00000000e0000000,0x00000000f0600000)
  from space 128000K, 45% used [0x00000000f0600000,0x00000000f3e61700,0x00000000f8300000)
  to   space 125440K, 0% used [0x00000000f8580000,0x00000000f8580000,0x0000000100000000)
 ParOldGen       total 567296K, used 430424K [0x00000000a0000000, 0x00000000c2a00000, 0x00000000e0000000)
  object space 567296K, 75% used [0x00000000a0000000,0x00000000ba4561f0,0x00000000c2a00000)
 Metaspace       used 103818K, capacity 108416K, committed 108584K, reserved 1144832K
  class space    used 12852K, capacity 13740K, committed 13872K, reserved 1048576K
}
Event: 206.015 GC heap before
{Heap before GC invocations=135 (full 7):
 PSYoungGen      total 396288K, used 326021K [0x00000000e0000000, 0x0000000100000000, 0x0000000100000000)
  eden space 268288K, 100% used [0x00000000e0000000,0x00000000f0600000,0x00000000f0600000)
  from space 128000K, 45% used [0x00000000f0600000,0x00000000f3e61700,0x00000000f8300000)
  to   space 125440K, 0% used [0x00000000f8580000,0x00000000f8580000,0x0000000100000000)
 ParOldGen       total 567296K, used 430424K [0x00000000a0000000, 0x00000000c2a00000, 0x00000000e0000000)
  object space 567296K, 75% used [0x00000000a0000000,0x00000000ba4561f0,0x00000000c2a00000)
 Metaspace       used 103820K, capacity 108416K, committed 108584K, reserved 1144832K
  class space    used 12852K, capacity 13740K, committed 13872K, reserved 1048576K
Event: 206.051 GC heap after
Heap after GC invocations=135 (full 7):
 PSYoungGen      total 380416K, used 34646K [0x00000000e0000000, 0x00000000ff080000, 0x0000000100000000)
  eden space 270848K, 0% used [0x00000000e0000000,0x00000000e0000000,0x00000000f0880000)
  from space 109568K, 31% used [0x00000000f8580000,0x00000000fa7558f0,0x00000000ff080000)
  to   space 118784K, 0% used [0x00000000f0880000,0x00000000f0880000,0x00000000f7c80000)
 ParOldGen       total 567296K, used 485800K [0x00000000a0000000, 0x00000000c2a00000, 0x00000000e0000000)
  object space 567296K, 85% used [0x00000000a0000000,0x00000000bda6a090,0x00000000c2a00000)
 Metaspace       used 103820K, capacity 108416K, committed 108584K, reserved 1144832K
  class space    used 12852K, capacity 13740K, committed 13872K, reserved 1048576K
}
Event: 206.051 GC heap before
{Heap before GC invocations=136 (full 8):
 PSYoungGen      total 380416K, used 34646K [0x00000000e0000000, 0x00000000ff080000, 0x0000000100000000)
  eden space 270848K, 0% used [0x00000000e0000000,0x00000000e0000000,0x00000000f0880000)
  from space 109568K, 31% used [0x00000000f8580000,0x00000000fa7558f0,0x00000000ff080000)
  to   space 118784K, 0% used [0x00000000f0880000,0x00000000f0880000,0x00000000f7c80000)
 ParOldGen       total 567296K, used 485800K [0x00000000a0000000, 0x00000000c2a00000, 0x00000000e0000000)
  object space 567296K, 85% used [0x00000000a0000000,0x00000000bda6a090,0x00000000c2a00000)
 Metaspace       used 103820K, capacity 108416K, committed 108584K, reserved 1144832K
  class space    used 12852K, capacity 13740K, committed 13872K, reserved 1048576K

