# JRE version: OpenJDK Runtime Environment (8.0_242) (build 1.8.0_242-release-1644-b3-6222593)
# Java VM: OpenJDK 64-Bit Server VM (25.242-b3-6222593 mixed mode linux-amd64 compressed oops)
Heap:
 PSYoungGen      total 200192K, used 45528K [0x00000000e0000000, 0x00000000ecb00000, 0x0000000100000000)
  eden space 192512K, 23% used [0x00000000e0000000,0x00000000e2c76338,0x00000000ebc00000)
  from space 7680K, 0% used [0x00000000ec380000,0x00000000ec380000,0x00000000ecb00000)
  to   space 7680K, 0% used [0x00000000ebc00000,0x00000000ebc00000,0x00000000ec380000)
 ParOldGen       total 71168K, used 7560K [0x00000000a0000000, 0x00000000a4580000, 0x00000000e0000000)
  object space 71168K, 10% used [0x00000000a0000000,0x00000000a07621b0,0x00000000a4580000)
 Metaspace       used 26989K, capacity 27556K, committed 27824K, reserved 1073152K
  class space    used 3737K, capacity 3932K, committed 4016K, reserved 1048576K
GC Heap History (10 events):
Event: 0.617 GC heap before
{Heap before GC invocations=1 (full 0):
 PSYoungGen      total 55808K, used 48128K [0x00000000e0000000, 0x00000000e3e00000, 0x0000000100000000)
  eden space 48128K, 100% used [0x00000000e0000000,0x00000000e2f00000,0x00000000e2f00000)
  from space 7680K, 0% used [0x00000000e3680000,0x00000000e3680000,0x00000000e3e00000)
  to   space 7680K, 0% used [0x00000000e2f00000,0x00000000e2f00000,0x00000000e3680000)
 ParOldGen       total 126976K, used 0K [0x00000000a0000000, 0x00000000a7c00000, 0x00000000e0000000)
  object space 126976K, 0% used [0x00000000a0000000,0x00000000a0000000,0x00000000a7c00000)
 Metaspace       used 7539K, capacity 7760K, committed 8064K, reserved 1056768K
  class space    used 925K, capacity 1032K, committed 1152K, reserved 1048576K
Event: 0.623 GC heap after
Heap after GC invocations=1 (full 0):
 PSYoungGen      total 55808K, used 5013K [0x00000000e0000000, 0x00000000e6d00000, 0x0000000100000000)
  eden space 48128K, 0% used [0x00000000e0000000,0x00000000e0000000,0x00000000e2f00000)
  from space 7680K, 65% used [0x00000000e2f00000,0x00000000e33e5400,0x00000000e3680000)
  to   space 7680K, 0% used [0x00000000e6580000,0x00000000e6580000,0x00000000e6d00000)
 ParOldGen       total 126976K, used 8K [0x00000000a0000000, 0x00000000a7c00000, 0x00000000e0000000)
  object space 126976K, 0% used [0x00000000a0000000,0x00000000a0002000,0x00000000a7c00000)
 Metaspace       used 7539K, capacity 7760K, committed 8064K, reserved 1056768K
  class space    used 925K, capacity 1032K, committed 1152K, reserved 1048576K
}
Event: 1.071 GC heap before
{Heap before GC invocations=2 (full 0):
 PSYoungGen      total 55808K, used 53141K [0x00000000e0000000, 0x00000000e6d00000, 0x0000000100000000)
  eden space 48128K, 100% used [0x00000000e0000000,0x00000000e2f00000,0x00000000e2f00000)
  from space 7680K, 65% used [0x00000000e2f00000,0x00000000e33e5400,0x00000000e3680000)
  to   space 7680K, 0% used [0x00000000e6580000,0x00000000e6580000,0x00000000e6d00000)
 ParOldGen       total 126976K, used 8K [0x00000000a0000000, 0x00000000a7c00000, 0x00000000e0000000)
  object space 126976K, 0% used [0x00000000a0000000,0x00000000a0002000,0x00000000a7c00000)
 Metaspace       used 12247K, capacity 12518K, committed 12672K, reserved 1060864K
  class space    used 1682K, capacity 1811K, committed 1920K, reserved 1048576K
Event: 1.084 GC heap after
Heap after GC invocations=2 (full 0):
 PSYoungGen      total 103936K, used 7216K [0x00000000e0000000, 0x00000000e6d00000, 0x0000000100000000)
  eden space 96256K, 0% used [0x00000000e0000000,0x00000000e0000000,0x00000000e5e00000)
  from space 7680K, 93% used [0x00000000e6580000,0x00000000e6c8c348,0x00000000e6d00000)
  to   space 7680K, 0% used [0x00000000e5e00000,0x00000000e5e00000,0x00000000e6580000)
 ParOldGen       total 126976K, used 16K [0x00000000a0000000, 0x00000000a7c00000, 0x00000000e0000000)
  object space 126976K, 0% used [0x00000000a0000000,0x00000000a0004000,0x00000000a7c00000)
 Metaspace       used 12247K, capacity 12518K, committed 12672K, reserved 1060864K
  class space    used 1682K, capacity 1811K, committed 1920K, reserved 1048576K
}
Event: 1.918 GC heap before
{Heap before GC invocations=3 (full 0):
 PSYoungGen      total 103936K, used 103472K [0x00000000e0000000, 0x00000000e6d00000, 0x0000000100000000)
  eden space 96256K, 100% used [0x00000000e0000000,0x00000000e5e00000,0x00000000e5e00000)
  from space 7680K, 93% used [0x00000000e6580000,0x00000000e6c8c348,0x00000000e6d00000)
  to   space 7680K, 0% used [0x00000000e5e00000,0x00000000e5e00000,0x00000000e6580000)
 ParOldGen       total 126976K, used 16K [0x00000000a0000000, 0x00000000a7c00000, 0x00000000e0000000)
  object space 126976K, 0% used [0x00000000a0000000,0x00000000a0004000,0x00000000a7c00000)
 Metaspace       used 20348K, capacity 20878K, committed 20992K, reserved 1067008K
  class space    used 2874K, capacity 3053K, committed 3072K, reserved 1048576K
Event: 1.940 GC heap after
Heap after GC invocations=3 (full 0):
 PSYoungGen      total 103936K, used 7656K [0x00000000e0000000, 0x00000000ecb00000, 0x0000000100000000)
  eden space 96256K, 0% used [0x00000000e0000000,0x00000000e0000000,0x00000000e5e00000)
  from space 7680K, 99% used [0x00000000e5e00000,0x00000000e657a398,0x00000000e6580000)
  to   space 7680K, 0% used [0x00000000ec380000,0x00000000ec380000,0x00000000ecb00000)
 ParOldGen       total 126976K, used 6260K [0x00000000a0000000, 0x00000000a7c00000, 0x00000000e0000000)
  object space 126976K, 4% used [0x00000000a0000000,0x00000000a061d060,0x00000000a7c00000)
 Metaspace       used 20348K, capacity 20878K, committed 20992K, reserved 1067008K
  class space    used 2874K, capacity 3053K, committed 3072K, reserved 1048576K
}
Event: 1.977 GC heap before
{Heap before GC invocations=4 (full 0):
 PSYoungGen      total 103936K, used 15534K [0x00000000e0000000, 0x00000000ecb00000, 0x0000000100000000)
  eden space 96256K, 8% used [0x00000000e0000000,0x00000000e07b17f0,0x00000000e5e00000)
  from space 7680K, 99% used [0x00000000e5e00000,0x00000000e657a398,0x00000000e6580000)
  to   space 7680K, 0% used [0x00000000ec380000,0x00000000ec380000,0x00000000ecb00000)
 ParOldGen       total 126976K, used 6260K [0x00000000a0000000, 0x00000000a7c00000, 0x00000000e0000000)
  object space 126976K, 4% used [0x00000000a0000000,0x00000000a061d060,0x00000000a7c00000)
 Metaspace       used 20679K, capacity 21166K, committed 21296K, reserved 1067008K
  class space    used 2913K, capacity 3085K, committed 3120K, reserved 1048576K
Event: 1.985 GC heap after
Heap after GC invocations=4 (full 0):
 PSYoungGen      total 200192K, used 7167K [0x00000000e0000000, 0x00000000ecb00000, 0x0000000100000000)
  eden space 192512K, 0% used [0x00000000e0000000,0x00000000e0000000,0x00000000ebc00000)
  from space 7680K, 93% used [0x00000000ec380000,0x00000000eca7fd40,0x00000000ecb00000)
  to   space 7680K, 0% used [0x00000000ebc00000,0x00000000ebc00000,0x00000000ec380000)
 ParOldGen       total 126976K, used 6268K [0x00000000a0000000, 0x00000000a7c00000, 0x00000000e0000000)
  object space 126976K, 4% used [0x00000000a0000000,0x00000000a061f060,0x00000000a7c00000)
 Metaspace       used 20679K, capacity 21166K, committed 21296K, reserved 1067008K
  class space    used 2913K, capacity 3085K, committed 3120K, reserved 1048576K
}
Event: 1.985 GC heap before
{Heap before GC invocations=5 (full 1):
 PSYoungGen      total 200192K, used 7167K [0x00000000e0000000, 0x00000000ecb00000, 0x0000000100000000)
  eden space 192512K, 0% used [0x00000000e0000000,0x00000000e0000000,0x00000000ebc00000)
  from space 7680K, 93% used [0x00000000ec380000,0x00000000eca7fd40,0x00000000ecb00000)
  to   space 7680K, 0% used [0x00000000ebc00000,0x00000000ebc00000,0x00000000ec380000)
 ParOldGen       total 126976K, used 6268K [0x00000000a0000000, 0x00000000a7c00000, 0x00000000e0000000)
  object space 126976K, 4% used [0x00000000a0000000,0x00000000a061f060,0x00000000a7c00000)
 Metaspace       used 20679K, capacity 21166K, committed 21296K, reserved 1067008K
  class space    used 2913K, capacity 3085K, committed 3120K, reserved 1048576K
Event: 2.013 GC heap after
Heap after GC invocations=5 (full 1):
 PSYoungGen      total 200192K, used 0K [0x00000000e0000000, 0x00000000ecb00000, 0x0000000100000000)
  eden space 192512K, 0% used [0x00000000e0000000,0x00000000e0000000,0x00000000ebc00000)
  from space 7680K, 0% used [0x00000000ec380000,0x00000000ec380000,0x00000000ecb00000)
  to   space 7680K, 0% used [0x00000000ebc00000,0x00000000ebc00000,0x00000000ec380000)
 ParOldGen       total 71168K, used 7560K [0x00000000a0000000, 0x00000000a4580000, 0x00000000e0000000)
  object space 71168K, 10% used [0x00000000a0000000,0x00000000a07621b0,0x00000000a4580000)
 Metaspace       used 20679K, capacity 21166K, committed 21296K, reserved 1067008K
  class space    used 2913K, capacity 3085K, committed 3120K, reserved 1048576K
}

