# JRE version: OpenJDK Runtime Environment (8.0_242) (build 1.8.0_242-release-1644-b3-6222593)
# Java VM: OpenJDK 64-Bit Server VM (25.242-b3-6222593 mixed mode linux-amd64 compressed oops)
Heap:
 PSYoungGen      total 439808K, used 189614K [0x00000000e0000000, 0x00000000ff800000, 0x0000000100000000)
  eden space 373760K, 48% used [0x00000000e0000000,0x00000000eb18e7d8,0x00000000f6d00000)
  from space 66048K, 11% used [0x00000000fb780000,0x00000000fbf1d310,0x00000000ff800000)
  to   space 71168K, 0% used [0x00000000f6d00000,0x00000000f6d00000,0x00000000fb280000)
 ParOldGen       total 283648K, used 244651K [0x00000000a0000000, 0x00000000b1500000, 0x00000000e0000000)
  object space 283648K, 86% used [0x00000000a0000000,0x00000000aeeead18,0x00000000b1500000)
 Metaspace       used 91228K, capacity 95252K, committed 95400K, reserved 1132544K
  class space    used 11813K, capacity 12620K, committed 12720K, reserved 1048576K
GC Heap History (10 events):
Event: 45.034 GC heap before
{Heap before GC invocations=28 (full 4):
 PSYoungGen      total 421888K, used 340201K [0x00000000e0000000, 0x00000000fff00000, 0x0000000100000000)
  eden space 331264K, 100% used [0x00000000e0000000,0x00000000f4380000,0x00000000f4380000)
  from space 90624K, 9% used [0x00000000f4380000,0x00000000f4c3a4e0,0x00000000f9c00000)
  to   space 88064K, 0% used [0x00000000fa900000,0x00000000fa900000,0x00000000fff00000)
 ParOldGen       total 283648K, used 206560K [0x00000000a0000000, 0x00000000b1500000, 0x00000000e0000000)
  object space 283648K, 72% used [0x00000000a0000000,0x00000000ac9b8340,0x00000000b1500000)
 Metaspace       used 91057K, capacity 95018K, committed 95144K, reserved 1132544K
  class space    used 11809K, capacity 12615K, committed 12720K, reserved 1048576K
Event: 45.079 GC heap after
Heap after GC invocations=28 (full 4):
 PSYoungGen      total 425984K, used 8850K [0x00000000e0000000, 0x00000000ff780000, 0x0000000100000000)
  eden space 345600K, 0% used [0x00000000e0000000,0x00000000e0000000,0x00000000f5180000)
  from space 80384K, 11% used [0x00000000fa900000,0x00000000fb1a4ad8,0x00000000ff780000)
  to   space 84992K, 0% used [0x00000000f5180000,0x00000000f5180000,0x00000000fa480000)
 ParOldGen       total 283648K, used 214151K [0x00000000a0000000, 0x00000000b1500000, 0x00000000e0000000)
  object space 283648K, 75% used [0x00000000a0000000,0x00000000ad121f80,0x00000000b1500000)
 Metaspace       used 91057K, capacity 95018K, committed 95144K, reserved 1132544K
  class space    used 11809K, capacity 12615K, committed 12720K, reserved 1048576K
}
Event: 46.091 GC heap before
{Heap before GC invocations=29 (full 4):
 PSYoungGen      total 425984K, used 354450K [0x00000000e0000000, 0x00000000ff780000, 0x0000000100000000)
  eden space 345600K, 100% used [0x00000000e0000000,0x00000000f5180000,0x00000000f5180000)
  from space 80384K, 11% used [0x00000000fa900000,0x00000000fb1a4ad8,0x00000000ff780000)
  to   space 84992K, 0% used [0x00000000f5180000,0x00000000f5180000,0x00000000fa480000)
 ParOldGen       total 283648K, used 214151K [0x00000000a0000000, 0x00000000b1500000, 0x00000000e0000000)
  object space 283648K, 75% used [0x00000000a0000000,0x00000000ad121f80,0x00000000b1500000)
 Metaspace       used 91118K, capacity 95104K, committed 95400K, reserved 1132544K
  class space    used 11811K, capacity 12618K, committed 12720K, reserved 1048576K
Event: 46.145 GC heap after
Heap after GC invocations=29 (full 4):
 PSYoungGen      total 430592K, used 13547K [0x00000000e0000000, 0x00000000ffd80000, 0x0000000100000000)
  eden space 345600K, 0% used [0x00000000e0000000,0x00000000e0000000,0x00000000f5180000)
  from space 84992K, 15% used [0x00000000f5180000,0x00000000f5ebafc8,0x00000000fa480000)
  to   space 81408K, 0% used [0x00000000fae00000,0x00000000fae00000,0x00000000ffd80000)
 ParOldGen       total 283648K, used 219850K [0x00000000a0000000, 0x00000000b1500000, 0x00000000e0000000)
  object space 283648K, 77% used [0x00000000a0000000,0x00000000ad6b2840,0x00000000b1500000)
 Metaspace       used 91118K, capacity 95104K, committed 95400K, reserved 1132544K
  class space    used 11811K, capacity 12618K, committed 12720K, reserved 1048576K
}
Event: 47.054 GC heap before
{Heap before GC invocations=30 (full 4):
 PSYoungGen      total 430592K, used 359147K [0x00000000e0000000, 0x00000000ffd80000, 0x0000000100000000)
  eden space 345600K, 100% used [0x00000000e0000000,0x00000000f5180000,0x00000000f5180000)
  from space 84992K, 15% used [0x00000000f5180000,0x00000000f5ebafc8,0x00000000fa480000)
  to   space 81408K, 0% used [0x00000000fae00000,0x00000000fae00000,0x00000000ffd80000)
 ParOldGen       total 283648K, used 219850K [0x00000000a0000000, 0x00000000b1500000, 0x00000000e0000000)
  object space 283648K, 77% used [0x00000000a0000000,0x00000000ad6b2840,0x00000000b1500000)
 Metaspace       used 91175K, capacity 95174K, committed 95400K, reserved 1132544K
  class space    used 11812K, capacity 12619K, committed 12720K, reserved 1048576K
Event: 47.101 GC heap after
Heap after GC invocations=30 (full 4):
 PSYoungGen      total 429056K, used 17567K [0x00000000e0000000, 0x00000000ff380000, 0x0000000100000000)
  eden space 357888K, 0% used [0x00000000e0000000,0x00000000e0000000,0x00000000f5d80000)
  from space 71168K, 24% used [0x00000000fae00000,0x00000000fbf27da8,0x00000000ff380000)
  to   space 76800K, 0% used [0x00000000f5d80000,0x00000000f5d80000,0x00000000fa880000)
 ParOldGen       total 283648K, used 226196K [0x00000000a0000000, 0x00000000b1500000, 0x00000000e0000000)
  object space 283648K, 79% used [0x00000000a0000000,0x00000000adce51f8,0x00000000b1500000)
 Metaspace       used 91175K, capacity 95174K, committed 95400K, reserved 1132544K
  class space    used 11812K, capacity 12619K, committed 12720K, reserved 1048576K
}
Event: 48.439 GC heap before
{Heap before GC invocations=31 (full 4):
 PSYoungGen      total 429056K, used 375455K [0x00000000e0000000, 0x00000000ff380000, 0x0000000100000000)
  eden space 357888K, 100% used [0x00000000e0000000,0x00000000f5d80000,0x00000000f5d80000)
  from space 71168K, 24% used [0x00000000fae00000,0x00000000fbf27da8,0x00000000ff380000)
  to   space 76800K, 0% used [0x00000000f5d80000,0x00000000f5d80000,0x00000000fa880000)
 ParOldGen       total 283648K, used 226196K [0x00000000a0000000, 0x00000000b1500000, 0x00000000e0000000)
  object space 283648K, 79% used [0x00000000a0000000,0x00000000adce51f8,0x00000000b1500000)
 Metaspace       used 91210K, capacity 95248K, committed 95400K, reserved 1132544K
  class space    used 11813K, capacity 12620K, committed 12720K, reserved 1048576K
Event: 48.515 GC heap after
Heap after GC invocations=31 (full 4):
 PSYoungGen      total 434688K, used 11487K [0x00000000e0000000, 0x00000000fff80000, 0x0000000100000000)
  eden space 357888K, 0% used [0x00000000e0000000,0x00000000e0000000,0x00000000f5d80000)
  from space 76800K, 14% used [0x00000000f5d80000,0x00000000f68b7d60,0x00000000fa880000)
  to   space 73728K, 0% used [0x00000000fb780000,0x00000000fb780000,0x00000000fff80000)
 ParOldGen       total 283648K, used 235937K [0x00000000a0000000, 0x00000000b1500000, 0x00000000e0000000)
  object space 283648K, 83% used [0x00000000a0000000,0x00000000ae6686b8,0x00000000b1500000)
 Metaspace       used 91210K, capacity 95248K, committed 95400K, reserved 1132544K
  class space    used 11813K, capacity 12620K, committed 12720K, reserved 1048576K
}
Event: 49.690 GC heap before
{Heap before GC invocations=32 (full 4):
 PSYoungGen      total 434688K, used 369375K [0x00000000e0000000, 0x00000000fff80000, 0x0000000100000000)
  eden space 357888K, 100% used [0x00000000e0000000,0x00000000f5d80000,0x00000000f5d80000)
  from space 76800K, 14% used [0x00000000f5d80000,0x00000000f68b7d60,0x00000000fa880000)
  to   space 73728K, 0% used [0x00000000fb780000,0x00000000fb780000,0x00000000fff80000)
 ParOldGen       total 283648K, used 235937K [0x00000000a0000000, 0x00000000b1500000, 0x00000000e0000000)
  object space 283648K, 83% used [0x00000000a0000000,0x00000000ae6686b8,0x00000000b1500000)
 Metaspace       used 91216K, capacity 95252K, committed 95400K, reserved 1132544K
  class space    used 11813K, capacity 12620K, committed 12720K, reserved 1048576K
Event: 49.758 GC heap after
Heap after GC invocations=32 (full 4):
 PSYoungGen      total 439808K, used 7796K [0x00000000e0000000, 0x00000000ff800000, 0x0000000100000000)
  eden space 373760K, 0% used [0x00000000e0000000,0x00000000e0000000,0x00000000f6d00000)
  from space 66048K, 11% used [0x00000000fb780000,0x00000000fbf1d310,0x00000000ff800000)
  to   space 71168K, 0% used [0x00000000f6d00000,0x00000000f6d00000,0x00000000fb280000)
 ParOldGen       total 283648K, used 244651K [0x00000000a0000000, 0x00000000b1500000, 0x00000000e0000000)
  object space 283648K, 86% used [0x00000000a0000000,0x00000000aeeead18,0x00000000b1500000)
 Metaspace       used 91216K, capacity 95252K, committed 95400K, reserved 1132544K
  class space    used 11813K, capacity 12620K, committed 12720K, reserved 1048576K
}

