# JRE version: OpenJDK Runtime Environment (8.0_242) (build 1.8.0_242-release-1644-b3-6222593)
# Java VM: OpenJDK 64-Bit Server VM (25.242-b3-6222593 mixed mode linux-amd64 compressed oops)
Heap:
 PSYoungGen      total 494592K, used 439698K [0x00000000e0000000, 0x00000000ffe00000, 0x0000000100000000)
  eden space 466432K, 91% used [0x00000000e0000000,0x00000000fa10d8a0,0x00000000fc780000)
  from space 28160K, 44% used [0x00000000fe280000,0x00000000feed7320,0x00000000ffe00000)
  to   space 27648K, 0% used [0x00000000fc780000,0x00000000fc780000,0x00000000fe280000)
 ParOldGen       total 338944K, used 298055K [0x00000000a0000000, 0x00000000b4b00000, 0x00000000e0000000)
  object space 338944K, 87% used [0x00000000a0000000,0x00000000b2311c98,0x00000000b4b00000)
 Metaspace       used 96822K, capacity 100957K, committed 101032K, reserved 1136640K
  class space    used 12355K, capacity 13221K, committed 13232K, reserved 1048576K
GC Heap History (10 events):
Event: 69.239 GC heap before
{Heap before GC invocations=50 (full 4):
 PSYoungGen      total 483840K, used 455814K [0x00000000e0000000, 0x00000000ffd00000, 0x0000000100000000)
  eden space 448512K, 100% used [0x00000000e0000000,0x00000000fb600000,0x00000000fb600000)
  from space 35328K, 20% used [0x00000000fb600000,0x00000000fbd218f8,0x00000000fd880000)
  to   space 33792K, 0% used [0x00000000fdc00000,0x00000000fdc00000,0x00000000ffd00000)
 ParOldGen       total 338944K, used 277643K [0x00000000a0000000, 0x00000000b4b00000, 0x00000000e0000000)
  object space 338944K, 81% used [0x00000000a0000000,0x00000000b0f22fe8,0x00000000b4b00000)
 Metaspace       used 96792K, capacity 100957K, committed 101032K, reserved 1136640K
  class space    used 12355K, capacity 13221K, committed 13232K, reserved 1048576K
Event: 69.252 GC heap after
Heap after GC invocations=50 (full 4):
 PSYoungGen      total 487424K, used 6621K [0x00000000e0000000, 0x00000000ffb80000, 0x0000000100000000)
  eden space 455168K, 0% used [0x00000000e0000000,0x00000000e0000000,0x00000000fbc80000)
  from space 32256K, 20% used [0x00000000fdc00000,0x00000000fe277740,0x00000000ffb80000)
  to   space 32256K, 0% used [0x00000000fbc80000,0x00000000fbc80000,0x00000000fdc00000)
 ParOldGen       total 338944K, used 282612K [0x00000000a0000000, 0x00000000b4b00000, 0x00000000e0000000)
  object space 338944K, 83% used [0x00000000a0000000,0x00000000b13fd2d0,0x00000000b4b00000)
 Metaspace       used 96792K, capacity 100957K, committed 101032K, reserved 1136640K
  class space    used 12355K, capacity 13221K, committed 13232K, reserved 1048576K
}
Event: 69.731 GC heap before
{Heap before GC invocations=51 (full 4):
 PSYoungGen      total 487424K, used 461789K [0x00000000e0000000, 0x00000000ffb80000, 0x0000000100000000)
  eden space 455168K, 100% used [0x00000000e0000000,0x00000000fbc80000,0x00000000fbc80000)
  from space 32256K, 20% used [0x00000000fdc00000,0x00000000fe277740,0x00000000ffb80000)
  to   space 32256K, 0% used [0x00000000fbc80000,0x00000000fbc80000,0x00000000fdc00000)
 ParOldGen       total 338944K, used 282612K [0x00000000a0000000, 0x00000000b4b00000, 0x00000000e0000000)
  object space 338944K, 83% used [0x00000000a0000000,0x00000000b13fd2d0,0x00000000b4b00000)
 Metaspace       used 96805K, capacity 100957K, committed 101032K, reserved 1136640K
  class space    used 12355K, capacity 13221K, committed 13232K, reserved 1048576K
Event: 69.744 GC heap after
Heap after GC invocations=51 (full 4):
 PSYoungGen      total 487424K, used 6802K [0x00000000e0000000, 0x00000000ffd00000, 0x0000000100000000)
  eden space 455168K, 0% used [0x00000000e0000000,0x00000000e0000000,0x00000000fbc80000)
  from space 32256K, 21% used [0x00000000fbc80000,0x00000000fc324bf0,0x00000000fdc00000)
  to   space 30720K, 0% used [0x00000000fdf00000,0x00000000fdf00000,0x00000000ffd00000)
 ParOldGen       total 338944K, used 287524K [0x00000000a0000000, 0x00000000b4b00000, 0x00000000e0000000)
  object space 338944K, 84% used [0x00000000a0000000,0x00000000b18c9298,0x00000000b4b00000)
 Metaspace       used 96805K, capacity 100957K, committed 101032K, reserved 1136640K
  class space    used 12355K, capacity 13221K, committed 13232K, reserved 1048576K
}
Event: 70.242 GC heap before
{Heap before GC invocations=52 (full 4):
 PSYoungGen      total 487424K, used 461970K [0x00000000e0000000, 0x00000000ffd00000, 0x0000000100000000)
  eden space 455168K, 100% used [0x00000000e0000000,0x00000000fbc80000,0x00000000fbc80000)
  from space 32256K, 21% used [0x00000000fbc80000,0x00000000fc324bf0,0x00000000fdc00000)
  to   space 30720K, 0% used [0x00000000fdf00000,0x00000000fdf00000,0x00000000ffd00000)
 ParOldGen       total 338944K, used 287524K [0x00000000a0000000, 0x00000000b4b00000, 0x00000000e0000000)
  object space 338944K, 84% used [0x00000000a0000000,0x00000000b18c9298,0x00000000b4b00000)
 Metaspace       used 96807K, capacity 100957K, committed 101032K, reserved 1136640K
  class space    used 12355K, capacity 13221K, committed 13232K, reserved 1048576K
Event: 70.265 GC heap after
Heap after GC invocations=52 (full 4):
 PSYoungGen      total 490496K, used 7376K [0x00000000e0000000, 0x00000000ffb80000, 0x0000000100000000)
  eden space 461312K, 0% used [0x00000000e0000000,0x00000000e0000000,0x00000000fc280000)
  from space 29184K, 25% used [0x00000000fdf00000,0x00000000fe634130,0x00000000ffb80000)
  to   space 29184K, 0% used [0x00000000fc280000,0x00000000fc280000,0x00000000fdf00000)
 ParOldGen       total 338944K, used 293094K [0x00000000a0000000, 0x00000000b4b00000, 0x00000000e0000000)
  object space 338944K, 86% used [0x00000000a0000000,0x00000000b1e398c0,0x00000000b4b00000)
 Metaspace       used 96807K, capacity 100957K, committed 101032K, reserved 1136640K
  class space    used 12355K, capacity 13221K, committed 13232K, reserved 1048576K
}
Event: 70.805 GC heap before
{Heap before GC invocations=53 (full 4):
 PSYoungGen      total 490496K, used 468688K [0x00000000e0000000, 0x00000000ffb80000, 0x0000000100000000)
  eden space 461312K, 100% used [0x00000000e0000000,0x00000000fc280000,0x00000000fc280000)
  from space 29184K, 25% used [0x00000000fdf00000,0x00000000fe634130,0x00000000ffb80000)
  to   space 29184K, 0% used [0x00000000fc280000,0x00000000fc280000,0x00000000fdf00000)
 ParOldGen       total 338944K, used 293094K [0x00000000a0000000, 0x00000000b4b00000, 0x00000000e0000000)
  object space 338944K, 86% used [0x00000000a0000000,0x00000000b1e398c0,0x00000000b4b00000)
 Metaspace       used 96812K, capacity 100957K, committed 101032K, reserved 1136640K
  class space    used 12355K, capacity 13221K, committed 13232K, reserved 1048576K
Event: 70.821 GC heap after
Heap after GC invocations=53 (full 4):
 PSYoungGen      total 490496K, used 4864K [0x00000000e0000000, 0x00000000ffe00000, 0x0000000100000000)
  eden space 461312K, 0% used [0x00000000e0000000,0x00000000e0000000,0x00000000fc280000)
  from space 29184K, 16% used [0x00000000fc280000,0x00000000fc740000,0x00000000fdf00000)
  to   space 28160K, 0% used [0x00000000fe280000,0x00000000fe280000,0x00000000ffe00000)
 ParOldGen       total 338944K, used 295694K [0x00000000a0000000, 0x00000000b4b00000, 0x00000000e0000000)
  object space 338944K, 87% used [0x00000000a0000000,0x00000000b20c39e8,0x00000000b4b00000)
 Metaspace       used 96812K, capacity 100957K, committed 101032K, reserved 1136640K
  class space    used 12355K, capacity 13221K, committed 13232K, reserved 1048576K
}
Event: 71.400 GC heap before
{Heap before GC invocations=54 (full 4):
 PSYoungGen      total 490496K, used 466176K [0x00000000e0000000, 0x00000000ffe00000, 0x0000000100000000)
  eden space 461312K, 100% used [0x00000000e0000000,0x00000000fc280000,0x00000000fc280000)
  from space 29184K, 16% used [0x00000000fc280000,0x00000000fc740000,0x00000000fdf00000)
  to   space 28160K, 0% used [0x00000000fe280000,0x00000000fe280000,0x00000000ffe00000)
 ParOldGen       total 338944K, used 295694K [0x00000000a0000000, 0x00000000b4b00000, 0x00000000e0000000)
  object space 338944K, 87% used [0x00000000a0000000,0x00000000b20c39e8,0x00000000b4b00000)
 Metaspace       used 96821K, capacity 100957K, committed 101032K, reserved 1136640K
  class space    used 12355K, capacity 13221K, committed 13232K, reserved 1048576K
Event: 71.414 GC heap after
Heap after GC invocations=54 (full 4):
 PSYoungGen      total 494592K, used 12636K [0x00000000e0000000, 0x00000000ffe00000, 0x0000000100000000)
  eden space 466432K, 0% used [0x00000000e0000000,0x00000000e0000000,0x00000000fc780000)
  from space 28160K, 44% used [0x00000000fe280000,0x00000000feed7320,0x00000000ffe00000)
  to   space 27648K, 0% used [0x00000000fc780000,0x00000000fc780000,0x00000000fe280000)
 ParOldGen       total 338944K, used 298055K [0x00000000a0000000, 0x00000000b4b00000, 0x00000000e0000000)
  object space 338944K, 87% used [0x00000000a0000000,0x00000000b2311c98,0x00000000b4b00000)
 Metaspace       used 96821K, capacity 100957K, committed 101032K, reserved 1136640K
  class space    used 12355K, capacity 13221K, committed 13232K, reserved 1048576K
}

