# JRE version: OpenJDK Runtime Environment (8.0_242) (build 1.8.0_242-release-1644-b3-6222593)
# Java VM: OpenJDK 64-Bit Server VM (25.242-b3-6222593 mixed mode linux-amd64 compressed oops)
Heap:
 PSYoungGen      total 358400K, used 213164K [0x00000000e0000000, 0x00000000fec80000, 0x0000000100000000)
  eden space 220672K, 95% used [0x00000000e0000000,0x00000000ecd811f8,0x00000000ed780000)
  from space 137728K, 1% used [0x00000000f6600000,0x00000000f68a9e78,0x00000000fec80000)
  to   space 141824K, 0% used [0x00000000ed780000,0x00000000ed780000,0x00000000f6200000)
 ParOldGen       total 846336K, used 359376K [0x00000000a0000000, 0x00000000d3a80000, 0x00000000e0000000)
  object space 846336K, 42% used [0x00000000a0000000,0x00000000b5ef40e8,0x00000000d3a80000)
 Metaspace       used 108273K, capacity 113966K, committed 114200K, reserved 1148928K
  class space    used 13720K, capacity 14847K, committed 14896K, reserved 1048576K
GC Heap History (10 events):
Event: 78.992 GC heap before
{Heap before GC invocations=102 (full 8):
 PSYoungGen      total 298496K, used 76486K [0x00000000e0000000, 0x0000000100000000, 0x0000000100000000)
  eden space 194560K, 0% used [0x00000000e0000000,0x00000000e0000000,0x00000000ebe00000)
  from space 103936K, 73% used [0x00000000f9a80000,0x00000000fe531b48,0x0000000100000000)
  to   space 164864K, 0% used [0x00000000ebe00000,0x00000000ebe00000,0x00000000f5f00000)
 ParOldGen       total 723968K, used 658685K [0x00000000a0000000, 0x00000000cc300000, 0x00000000e0000000)
  object space 723968K, 90% used [0x00000000a0000000,0x00000000c833f4f8,0x00000000cc300000)
 Metaspace       used 96825K, capacity 101618K, committed 101912K, reserved 1138688K
  class space    used 12351K, capacity 13271K, committed 13360K, reserved 1048576K
Event: 80.034 GC heap after
Heap after GC invocations=102 (full 8):
 PSYoungGen      total 298496K, used 0K [0x00000000e0000000, 0x0000000100000000, 0x0000000100000000)
  eden space 194560K, 0% used [0x00000000e0000000,0x00000000e0000000,0x00000000ebe00000)
  from space 103936K, 0% used [0x00000000f9a80000,0x00000000f9a80000,0x0000000100000000)
  to   space 164864K, 0% used [0x00000000ebe00000,0x00000000ebe00000,0x00000000f5f00000)
 ParOldGen       total 846336K, used 347099K [0x00000000a0000000, 0x00000000d3a80000, 0x00000000e0000000)
  object space 846336K, 41% used [0x00000000a0000000,0x00000000b52f6c50,0x00000000d3a80000)
 Metaspace       used 96815K, capacity 101586K, committed 101912K, reserved 1138688K
  class space    used 12347K, capacity 13265K, committed 13360K, reserved 1048576K
}
Event: 80.297 GC heap before
{Heap before GC invocations=103 (full 8):
 PSYoungGen      total 298496K, used 194560K [0x00000000e0000000, 0x0000000100000000, 0x0000000100000000)
  eden space 194560K, 100% used [0x00000000e0000000,0x00000000ebe00000,0x00000000ebe00000)
  from space 103936K, 0% used [0x00000000f9a80000,0x00000000f9a80000,0x0000000100000000)
  to   space 164864K, 0% used [0x00000000ebe00000,0x00000000ebe00000,0x00000000f5f00000)
 ParOldGen       total 846336K, used 347099K [0x00000000a0000000, 0x00000000d3a80000, 0x00000000e0000000)
  object space 846336K, 41% used [0x00000000a0000000,0x00000000b52f6c50,0x00000000d3a80000)
 Metaspace       used 96842K, capacity 101650K, committed 101912K, reserved 1138688K
  class space    used 12347K, capacity 13265K, committed 13360K, reserved 1048576K
Event: 80.319 GC heap after
Heap after GC invocations=103 (full 8):
 PSYoungGen      total 359424K, used 36312K [0x00000000e0000000, 0x0000000100000000, 0x0000000100000000)
  eden space 194560K, 0% used [0x00000000e0000000,0x00000000e0000000,0x00000000ebe00000)
  from space 164864K, 22% used [0x00000000ebe00000,0x00000000ee1763f8,0x00000000f5f00000)
  to   space 155648K, 0% used [0x00000000f6800000,0x00000000f6800000,0x0000000100000000)
 ParOldGen       total 846336K, used 347099K [0x00000000a0000000, 0x00000000d3a80000, 0x00000000e0000000)
  object space 846336K, 41% used [0x00000000a0000000,0x00000000b52f6c50,0x00000000d3a80000)
 Metaspace       used 96842K, capacity 101650K, committed 101912K, reserved 1138688K
  class space    used 12347K, capacity 13265K, committed 13360K, reserved 1048576K
}
Event: 81.092 GC heap before
{Heap before GC invocations=104 (full 8):
 PSYoungGen      total 359424K, used 230872K [0x00000000e0000000, 0x0000000100000000, 0x0000000100000000)
  eden space 194560K, 100% used [0x00000000e0000000,0x00000000ebe00000,0x00000000ebe00000)
  from space 164864K, 22% used [0x00000000ebe00000,0x00000000ee1763f8,0x00000000f5f00000)
  to   space 155648K, 0% used [0x00000000f6800000,0x00000000f6800000,0x0000000100000000)
 ParOldGen       total 846336K, used 347099K [0x00000000a0000000, 0x00000000d3a80000, 0x00000000e0000000)
  object space 846336K, 41% used [0x00000000a0000000,0x00000000b52f6c50,0x00000000d3a80000)
 Metaspace       used 96851K, capacity 101650K, committed 101912K, reserved 1138688K
  class space    used 12347K, capacity 13265K, committed 13360K, reserved 1048576K
Event: 81.113 GC heap after
Heap after GC invocations=104 (full 8):
 PSYoungGen      total 339968K, used 12598K [0x00000000e0000000, 0x00000000fed00000, 0x0000000100000000)
  eden space 203776K, 0% used [0x00000000e0000000,0x00000000e0000000,0x00000000ec700000)
  from space 136192K, 9% used [0x00000000f6800000,0x00000000f744d9d0,0x00000000fed00000)
  to   space 150528K, 0% used [0x00000000ec700000,0x00000000ec700000,0x00000000f5a00000)
 ParOldGen       total 846336K, used 359360K [0x00000000a0000000, 0x00000000d3a80000, 0x00000000e0000000)
  object space 846336K, 42% used [0x00000000a0000000,0x00000000b5ef00e8,0x00000000d3a80000)
 Metaspace       used 96851K, capacity 101650K, committed 101912K, reserved 1138688K
  class space    used 12347K, capacity 13265K, committed 13360K, reserved 1048576K
}
Event: 85.261 GC heap before
{Heap before GC invocations=105 (full 8):
 PSYoungGen      total 339968K, used 216374K [0x00000000e0000000, 0x00000000fed00000, 0x0000000100000000)
  eden space 203776K, 100% used [0x00000000e0000000,0x00000000ec700000,0x00000000ec700000)
  from space 136192K, 9% used [0x00000000f6800000,0x00000000f744d9d0,0x00000000fed00000)
  to   space 150528K, 0% used [0x00000000ec700000,0x00000000ec700000,0x00000000f5a00000)
 ParOldGen       total 846336K, used 359360K [0x00000000a0000000, 0x00000000d3a80000, 0x00000000e0000000)
  object space 846336K, 42% used [0x00000000a0000000,0x00000000b5ef00e8,0x00000000d3a80000)
 Metaspace       used 100487K, capacity 105542K, committed 105752K, reserved 1140736K
  class space    used 12810K, capacity 13771K, committed 13872K, reserved 1048576K
Event: 85.281 GC heap after
Heap after GC invocations=105 (full 8):
 PSYoungGen      total 354304K, used 11046K [0x00000000e0000000, 0x00000000ff480000, 0x0000000100000000)
  eden space 203776K, 0% used [0x00000000e0000000,0x00000000e0000000,0x00000000ec700000)
  from space 150528K, 7% used [0x00000000ec700000,0x00000000ed1c9a38,0x00000000f5a00000)
  to   space 145920K, 0% used [0x00000000f6600000,0x00000000f6600000,0x00000000ff480000)
 ParOldGen       total 846336K, used 359368K [0x00000000a0000000, 0x00000000d3a80000, 0x00000000e0000000)
  object space 846336K, 42% used [0x00000000a0000000,0x00000000b5ef20e8,0x00000000d3a80000)
 Metaspace       used 100487K, capacity 105542K, committed 105752K, reserved 1140736K
  class space    used 12810K, capacity 13771K, committed 13872K, reserved 1048576K
}
Event: 85.805 GC heap before
{Heap before GC invocations=106 (full 8):
 PSYoungGen      total 354304K, used 214822K [0x00000000e0000000, 0x00000000ff480000, 0x0000000100000000)
  eden space 203776K, 100% used [0x00000000e0000000,0x00000000ec700000,0x00000000ec700000)
  from space 150528K, 7% used [0x00000000ec700000,0x00000000ed1c9a38,0x00000000f5a00000)
  to   space 145920K, 0% used [0x00000000f6600000,0x00000000f6600000,0x00000000ff480000)
 ParOldGen       total 846336K, used 359368K [0x00000000a0000000, 0x00000000d3a80000, 0x00000000e0000000)
  object space 846336K, 42% used [0x00000000a0000000,0x00000000b5ef20e8,0x00000000d3a80000)
 Metaspace       used 100504K, capacity 105542K, committed 105752K, reserved 1140736K
  class space    used 12811K, capacity 13771K, committed 13872K, reserved 1048576K
Event: 85.824 GC heap after
Heap after GC invocations=106 (full 8):
 PSYoungGen      total 358400K, used 2727K [0x00000000e0000000, 0x00000000fec80000, 0x0000000100000000)
  eden space 220672K, 0% used [0x00000000e0000000,0x00000000e0000000,0x00000000ed780000)
  from space 137728K, 1% used [0x00000000f6600000,0x00000000f68a9e78,0x00000000fec80000)
  to   space 141824K, 0% used [0x00000000ed780000,0x00000000ed780000,0x00000000f6200000)
 ParOldGen       total 846336K, used 359376K [0x00000000a0000000, 0x00000000d3a80000, 0x00000000e0000000)
  object space 846336K, 42% used [0x00000000a0000000,0x00000000b5ef40e8,0x00000000d3a80000)
 Metaspace       used 100504K, capacity 105542K, committed 105752K, reserved 1140736K
  class space    used 12811K, capacity 13771K, committed 13872K, reserved 1048576K
}

