# JRE version: OpenJDK Runtime Environment (8.0_242) (build 1.8.0_242-release-1644-b3-6222593)
# Java VM: OpenJDK 64-Bit Server VM (25.242-b3-6222593 mixed mode linux-amd64 compressed oops)
Heap:
 PSYoungGen      total 216576K, used 63882K [0x00000000e0000000, 0x00000000f3080000, 0x0000000100000000)
  eden space 196096K, 32% used [0x00000000e0000000,0x00000000e3e62b90,0x00000000ebf80000)
  from space 20480K, 0% used [0x00000000ebf80000,0x00000000ebf80000,0x00000000ed380000)
  to   space 25088K, 0% used [0x00000000f1800000,0x00000000f1800000,0x00000000f3080000)
 ParOldGen       total 221696K, used 36972K [0x00000000a0000000, 0x00000000ad880000, 0x00000000e0000000)
  object space 221696K, 16% used [0x00000000a0000000,0x00000000a241b318,0x00000000ad880000)
 Metaspace       used 59767K, capacity 61992K, committed 62248K, reserved 1103872K
  class space    used 8242K, capacity 8746K, committed 8752K, reserved 1048576K
GC Heap History (10 events):
Event: 2.914 GC heap before
{Heap before GC invocations=6 (full 1):
 PSYoungGen      total 143872K, used 82878K [0x00000000e0000000, 0x00000000ecb00000, 0x0000000100000000)
  eden space 136192K, 55% used [0x00000000e0000000,0x00000000e4973b48,0x00000000e8500000)
  from space 7680K, 99% used [0x00000000ec380000,0x00000000ecafbdd0,0x00000000ecb00000)
  to   space 7680K, 0% used [0x00000000ebc00000,0x00000000ebc00000,0x00000000ec380000)
 ParOldGen       total 96768K, used 16497K [0x00000000a0000000, 0x00000000a5e80000, 0x00000000e0000000)
  object space 96768K, 17% used [0x00000000a0000000,0x00000000a101c6f0,0x00000000a5e80000)
 Metaspace       used 34344K, capacity 35406K, committed 35496K, reserved 1079296K
  class space    used 4682K, capacity 5009K, committed 5040K, reserved 1048576K
Event: 2.930 GC heap after
Heap after GC invocations=6 (full 1):
 PSYoungGen      total 200192K, used 7680K [0x00000000e0000000, 0x00000000ee280000, 0x0000000100000000)
  eden space 192512K, 0% used [0x00000000e0000000,0x00000000e0000000,0x00000000ebc00000)
  from space 7680K, 100% used [0x00000000ebc00000,0x00000000ec380000,0x00000000ec380000)
  to   space 15360K, 0% used [0x00000000ed380000,0x00000000ed380000,0x00000000ee280000)
 ParOldGen       total 96768K, used 19882K [0x00000000a0000000, 0x00000000a5e80000, 0x00000000e0000000)
  object space 96768K, 20% used [0x00000000a0000000,0x00000000a136a950,0x00000000a5e80000)
 Metaspace       used 34344K, capacity 35406K, committed 35496K, reserved 1079296K
  class space    used 4682K, capacity 5009K, committed 5040K, reserved 1048576K
}
Event: 2.930 GC heap before
{Heap before GC invocations=7 (full 2):
 PSYoungGen      total 200192K, used 7680K [0x00000000e0000000, 0x00000000ee280000, 0x0000000100000000)
  eden space 192512K, 0% used [0x00000000e0000000,0x00000000e0000000,0x00000000ebc00000)
  from space 7680K, 100% used [0x00000000ebc00000,0x00000000ec380000,0x00000000ec380000)
  to   space 15360K, 0% used [0x00000000ed380000,0x00000000ed380000,0x00000000ee280000)
 ParOldGen       total 96768K, used 19882K [0x00000000a0000000, 0x00000000a5e80000, 0x00000000e0000000)
  object space 96768K, 20% used [0x00000000a0000000,0x00000000a136a950,0x00000000a5e80000)
 Metaspace       used 34344K, capacity 35406K, committed 35496K, reserved 1079296K
  class space    used 4682K, capacity 5009K, committed 5040K, reserved 1048576K
Event: 2.995 GC heap after
Heap after GC invocations=7 (full 2):
 PSYoungGen      total 200192K, used 0K [0x00000000e0000000, 0x00000000ee280000, 0x0000000100000000)
  eden space 192512K, 0% used [0x00000000e0000000,0x00000000e0000000,0x00000000ebc00000)
  from space 7680K, 0% used [0x00000000ebc00000,0x00000000ebc00000,0x00000000ec380000)
  to   space 15360K, 0% used [0x00000000ed380000,0x00000000ed380000,0x00000000ee280000)
 ParOldGen       total 150016K, used 17966K [0x00000000a0000000, 0x00000000a9280000, 0x00000000e0000000)
  object space 150016K, 11% used [0x00000000a0000000,0x00000000a118b968,0x00000000a9280000)
 Metaspace       used 34344K, capacity 35406K, committed 35496K, reserved 1079296K
  class space    used 4682K, capacity 5009K, committed 5040K, reserved 1048576K
}
Event: 4.654 GC heap before
{Heap before GC invocations=8 (full 2):
 PSYoungGen      total 200192K, used 192512K [0x00000000e0000000, 0x00000000ee280000, 0x0000000100000000)
  eden space 192512K, 100% used [0x00000000e0000000,0x00000000ebc00000,0x00000000ebc00000)
  from space 7680K, 0% used [0x00000000ebc00000,0x00000000ebc00000,0x00000000ec380000)
  to   space 15360K, 0% used [0x00000000ed380000,0x00000000ed380000,0x00000000ee280000)
 ParOldGen       total 150016K, used 17966K [0x00000000a0000000, 0x00000000a9280000, 0x00000000e0000000)
  object space 150016K, 11% used [0x00000000a0000000,0x00000000a118b968,0x00000000a9280000)
 Metaspace       used 48113K, capacity 49760K, committed 49960K, reserved 1091584K
  class space    used 6495K, capacity 6887K, committed 6960K, reserved 1048576K
Event: 4.669 GC heap after
Heap after GC invocations=8 (full 2):
 PSYoungGen      total 211456K, used 15335K [0x00000000e0000000, 0x00000000f1e80000, 0x0000000100000000)
  eden space 196096K, 0% used [0x00000000e0000000,0x00000000e0000000,0x00000000ebf80000)
  from space 15360K, 99% used [0x00000000ed380000,0x00000000ee279fd0,0x00000000ee280000)
  to   space 20480K, 0% used [0x00000000ebf80000,0x00000000ebf80000,0x00000000ed380000)
 ParOldGen       total 150016K, used 22888K [0x00000000a0000000, 0x00000000a9280000, 0x00000000e0000000)
  object space 150016K, 15% used [0x00000000a0000000,0x00000000a165a3c0,0x00000000a9280000)
 Metaspace       used 48113K, capacity 49760K, committed 49960K, reserved 1091584K
  class space    used 6495K, capacity 6887K, committed 6960K, reserved 1048576K
}
Event: 5.856 GC heap before
{Heap before GC invocations=9 (full 2):
 PSYoungGen      total 211456K, used 145881K [0x00000000e0000000, 0x00000000f1e80000, 0x0000000100000000)
  eden space 196096K, 66% used [0x00000000e0000000,0x00000000e7f7c598,0x00000000ebf80000)
  from space 15360K, 99% used [0x00000000ed380000,0x00000000ee279fd0,0x00000000ee280000)
  to   space 20480K, 0% used [0x00000000ebf80000,0x00000000ebf80000,0x00000000ed380000)
 ParOldGen       total 150016K, used 22888K [0x00000000a0000000, 0x00000000a9280000, 0x00000000e0000000)
  object space 150016K, 15% used [0x00000000a0000000,0x00000000a165a3c0,0x00000000a9280000)
 Metaspace       used 57041K, capacity 59082K, committed 59160K, reserved 1099776K
  class space    used 7825K, capacity 8311K, committed 8368K, reserved 1048576K
Event: 5.883 GC heap after
Heap after GC invocations=9 (full 2):
 PSYoungGen      total 216576K, used 20457K [0x00000000e0000000, 0x00000000f3080000, 0x0000000100000000)
  eden space 196096K, 0% used [0x00000000e0000000,0x00000000e0000000,0x00000000ebf80000)
  from space 20480K, 99% used [0x00000000ebf80000,0x00000000ed37a580,0x00000000ed380000)
  to   space 25088K, 0% used [0x00000000f1800000,0x00000000f1800000,0x00000000f3080000)
 ParOldGen       total 150016K, used 25134K [0x00000000a0000000, 0x00000000a9280000, 0x00000000e0000000)
  object space 150016K, 16% used [0x00000000a0000000,0x00000000a188b890,0x00000000a9280000)
 Metaspace       used 57041K, capacity 59082K, committed 59160K, reserved 1099776K
  class space    used 7825K, capacity 8311K, committed 8368K, reserved 1048576K
}
Event: 5.883 GC heap before
{Heap before GC invocations=10 (full 3):
 PSYoungGen      total 216576K, used 20457K [0x00000000e0000000, 0x00000000f3080000, 0x0000000100000000)
  eden space 196096K, 0% used [0x00000000e0000000,0x00000000e0000000,0x00000000ebf80000)
  from space 20480K, 99% used [0x00000000ebf80000,0x00000000ed37a580,0x00000000ed380000)
  to   space 25088K, 0% used [0x00000000f1800000,0x00000000f1800000,0x00000000f3080000)
 ParOldGen       total 150016K, used 25134K [0x00000000a0000000, 0x00000000a9280000, 0x00000000e0000000)
  object space 150016K, 16% used [0x00000000a0000000,0x00000000a188b890,0x00000000a9280000)
 Metaspace       used 57041K, capacity 59082K, committed 59160K, reserved 1099776K
  class space    used 7825K, capacity 8311K, committed 8368K, reserved 1048576K
Event: 6.011 GC heap after
Heap after GC invocations=10 (full 3):
 PSYoungGen      total 216576K, used 0K [0x00000000e0000000, 0x00000000f3080000, 0x0000000100000000)
  eden space 196096K, 0% used [0x00000000e0000000,0x00000000e0000000,0x00000000ebf80000)
  from space 20480K, 0% used [0x00000000ebf80000,0x00000000ebf80000,0x00000000ed380000)
  to   space 25088K, 0% used [0x00000000f1800000,0x00000000f1800000,0x00000000f3080000)
 ParOldGen       total 221696K, used 36972K [0x00000000a0000000, 0x00000000ad880000, 0x00000000e0000000)
  object space 221696K, 16% used [0x00000000a0000000,0x00000000a241b318,0x00000000ad880000)
 Metaspace       used 57034K, capacity 59058K, committed 59160K, reserved 1099776K
  class space    used 7823K, capacity 8307K, committed 8368K, reserved 1048576K
}

