# JRE version: OpenJDK Runtime Environment (8.0_242) (build 1.8.0_242-release-1644-b3-6222593)
# Java VM: OpenJDK 64-Bit Server VM (25.242-b3-6222593 mixed mode linux-amd64 compressed oops)
Heap:
 PSYoungGen      total 103936K, used 95912K [0x00000000e0000000, 0x00000000ecb00000, 0x0000000100000000)
  eden space 96256K, 99% used [0x00000000e0000000,0x00000000e5daa340,0x00000000e5e00000)
  from space 7680K, 0% used [0x00000000e5e00000,0x00000000e5e00000,0x00000000e6580000)
  to   space 7680K, 0% used [0x00000000ec380000,0x00000000ec380000,0x00000000ecb00000)
 ParOldGen       total 94208K, used 13661K [0x00000000a0000000, 0x00000000a5c00000, 0x00000000e0000000)
  object space 94208K, 14% used [0x00000000a0000000,0x00000000a0d57590,0x00000000a5c00000)
 Metaspace       used 30642K, capacity 31342K, committed 31536K, reserved 1077248K
  class space    used 4175K, capacity 4366K, committed 4400K, reserved 1048576K
GC Heap History (8 events):
Event: 0.531 GC heap before
{Heap before GC invocations=1 (full 0):
 PSYoungGen      total 55808K, used 48128K [0x00000000e0000000, 0x00000000e3e00000, 0x0000000100000000)
  eden space 48128K, 100% used [0x00000000e0000000,0x00000000e2f00000,0x00000000e2f00000)
  from space 7680K, 0% used [0x00000000e3680000,0x00000000e3680000,0x00000000e3e00000)
  to   space 7680K, 0% used [0x00000000e2f00000,0x00000000e2f00000,0x00000000e3680000)
 ParOldGen       total 126976K, used 0K [0x00000000a0000000, 0x00000000a7c00000, 0x00000000e0000000)
  object space 126976K, 0% used [0x00000000a0000000,0x00000000a0000000,0x00000000a7c00000)
 Metaspace       used 7530K, capacity 7760K, committed 8064K, reserved 1056768K
  class space    used 925K, capacity 1032K, committed 1152K, reserved 1048576K
Event: 0.538 GC heap after
Heap after GC invocations=1 (full 0):
 PSYoungGen      total 55808K, used 4978K [0x00000000e0000000, 0x00000000e6d00000, 0x0000000100000000)
  eden space 48128K, 0% used [0x00000000e0000000,0x00000000e0000000,0x00000000e2f00000)
  from space 7680K, 64% used [0x00000000e2f00000,0x00000000e33dca20,0x00000000e3680000)
  to   space 7680K, 0% used [0x00000000e6580000,0x00000000e6580000,0x00000000e6d00000)
 ParOldGen       total 126976K, used 0K [0x00000000a0000000, 0x00000000a7c00000, 0x00000000e0000000)
  object space 126976K, 0% used [0x00000000a0000000,0x00000000a0000000,0x00000000a7c00000)
 Metaspace       used 7530K, capacity 7760K, committed 8064K, reserved 1056768K
  class space    used 925K, capacity 1032K, committed 1152K, reserved 1048576K
}
Event: 0.902 GC heap before
{Heap before GC invocations=2 (full 0):
 PSYoungGen      total 55808K, used 53106K [0x00000000e0000000, 0x00000000e6d00000, 0x0000000100000000)
  eden space 48128K, 100% used [0x00000000e0000000,0x00000000e2f00000,0x00000000e2f00000)
  from space 7680K, 64% used [0x00000000e2f00000,0x00000000e33dca20,0x00000000e3680000)
  to   space 7680K, 0% used [0x00000000e6580000,0x00000000e6580000,0x00000000e6d00000)
 ParOldGen       total 126976K, used 0K [0x00000000a0000000, 0x00000000a7c00000, 0x00000000e0000000)
  object space 126976K, 0% used [0x00000000a0000000,0x00000000a0000000,0x00000000a7c00000)
 Metaspace       used 12329K, capacity 12700K, committed 12928K, reserved 1060864K
  class space    used 1690K, capacity 1820K, committed 1920K, reserved 1048576K
Event: 0.909 GC heap after
Heap after GC invocations=2 (full 0):
 PSYoungGen      total 103936K, used 7264K [0x00000000e0000000, 0x00000000e6d00000, 0x0000000100000000)
  eden space 96256K, 0% used [0x00000000e0000000,0x00000000e0000000,0x00000000e5e00000)
  from space 7680K, 94% used [0x00000000e6580000,0x00000000e6c98318,0x00000000e6d00000)
  to   space 7680K, 0% used [0x00000000e5e00000,0x00000000e5e00000,0x00000000e6580000)
 ParOldGen       total 126976K, used 16K [0x00000000a0000000, 0x00000000a7c00000, 0x00000000e0000000)
  object space 126976K, 0% used [0x00000000a0000000,0x00000000a0004000,0x00000000a7c00000)
 Metaspace       used 12329K, capacity 12700K, committed 12928K, reserved 1060864K
  class space    used 1690K, capacity 1820K, committed 1920K, reserved 1048576K
}
Event: 1.641 GC heap before
{Heap before GC invocations=3 (full 0):
 PSYoungGen      total 103936K, used 100721K [0x00000000e0000000, 0x00000000e6d00000, 0x0000000100000000)
  eden space 96256K, 97% used [0x00000000e0000000,0x00000000e5b441b0,0x00000000e5e00000)
  from space 7680K, 94% used [0x00000000e6580000,0x00000000e6c98318,0x00000000e6d00000)
  to   space 7680K, 0% used [0x00000000e5e00000,0x00000000e5e00000,0x00000000e6580000)
 ParOldGen       total 126976K, used 16K [0x00000000a0000000, 0x00000000a7c00000, 0x00000000e0000000)
  object space 126976K, 0% used [0x00000000a0000000,0x00000000a0004000,0x00000000a7c00000)
 Metaspace       used 20577K, capacity 21226K, committed 21296K, reserved 1067008K
  class space    used 2891K, capacity 3083K, committed 3120K, reserved 1048576K
Event: 1.653 GC heap after
Heap after GC invocations=3 (full 0):
 PSYoungGen      total 103936K, used 7655K [0x00000000e0000000, 0x00000000ecb00000, 0x0000000100000000)
  eden space 96256K, 0% used [0x00000000e0000000,0x00000000e0000000,0x00000000e5e00000)
  from space 7680K, 99% used [0x00000000e5e00000,0x00000000e6579f68,0x00000000e6580000)
  to   space 7680K, 0% used [0x00000000ec380000,0x00000000ec380000,0x00000000ecb00000)
 ParOldGen       total 126976K, used 6528K [0x00000000a0000000, 0x00000000a7c00000, 0x00000000e0000000)
  object space 126976K, 5% used [0x00000000a0000000,0x00000000a06601b8,0x00000000a7c00000)
 Metaspace       used 20577K, capacity 21226K, committed 21296K, reserved 1067008K
  class space    used 2891K, capacity 3083K, committed 3120K, reserved 1048576K
}
Event: 1.653 GC heap before
{Heap before GC invocations=4 (full 1):
 PSYoungGen      total 103936K, used 7655K [0x00000000e0000000, 0x00000000ecb00000, 0x0000000100000000)
  eden space 96256K, 0% used [0x00000000e0000000,0x00000000e0000000,0x00000000e5e00000)
  from space 7680K, 99% used [0x00000000e5e00000,0x00000000e6579f68,0x00000000e6580000)
  to   space 7680K, 0% used [0x00000000ec380000,0x00000000ec380000,0x00000000ecb00000)
 ParOldGen       total 126976K, used 6528K [0x00000000a0000000, 0x00000000a7c00000, 0x00000000e0000000)
  object space 126976K, 5% used [0x00000000a0000000,0x00000000a06601b8,0x00000000a7c00000)
 Metaspace       used 20577K, capacity 21226K, committed 21296K, reserved 1067008K
  class space    used 2891K, capacity 3083K, committed 3120K, reserved 1048576K
Event: 1.682 GC heap after
Heap after GC invocations=4 (full 1):
 PSYoungGen      total 103936K, used 0K [0x00000000e0000000, 0x00000000ecb00000, 0x0000000100000000)
  eden space 96256K, 0% used [0x00000000e0000000,0x00000000e0000000,0x00000000e5e00000)
  from space 7680K, 0% used [0x00000000e5e00000,0x00000000e5e00000,0x00000000e6580000)
  to   space 7680K, 0% used [0x00000000ec380000,0x00000000ec380000,0x00000000ecb00000)
 ParOldGen       total 94208K, used 13661K [0x00000000a0000000, 0x00000000a5c00000, 0x00000000e0000000)
  object space 94208K, 14% used [0x00000000a0000000,0x00000000a0d57590,0x00000000a5c00000)
 Metaspace       used 20577K, capacity 21226K, committed 21296K, reserved 1067008K
  class space    used 2891K, capacity 3083K, committed 3120K, reserved 1048576K
}

