# JRE version: OpenJDK Runtime Environment (8.0_242) (build 1.8.0_242-release-1644-b3-6222593)
# Java VM: OpenJDK 64-Bit Server VM (25.242-b3-6222593 mixed mode linux-amd64 compressed oops)
Heap:
 PSYoungGen      total 404992K, used 167408K [0x00000000e0000000, 0x00000000ffc00000, 0x0000000100000000)
  eden space 294400K, 56% used [0x00000000e0000000,0x00000000ea36c1b8,0x00000000f1f80000)
  from space 110592K, 0% used [0x00000000f1f80000,0x00000000f1f90000,0x00000000f8b80000)
  to   space 107520K, 0% used [0x00000000f9300000,0x00000000f9300000,0x00000000ffc00000)
 ParOldGen       total 587776K, used 410312K [0x00000000a0000000, 0x00000000c3e00000, 0x00000000e0000000)
  object space 587776K, 69% used [0x00000000a0000000,0x00000000b90b23d8,0x00000000c3e00000)
 Metaspace       used 97162K, capacity 101866K, committed 101912K, reserved 1138688K
  class space    used 12360K, capacity 13293K, committed 13336K, reserved 1048576K
GC Heap History (10 events):
Event: 110.880 GC heap before
{Heap before GC invocations=103 (full 8):
 PSYoungGen      total 396288K, used 279616K [0x00000000e0000000, 0x0000000100000000, 0x0000000100000000)
  eden space 279552K, 100% used [0x00000000e0000000,0x00000000f1100000,0x00000000f1100000)
  from space 116736K, 0% used [0x00000000f8400000,0x00000000f8410000,0x00000000ff600000)
  to   space 117760K, 0% used [0x00000000f1100000,0x00000000f1100000,0x00000000f8400000)
 ParOldGen       total 587776K, used 410248K [0x00000000a0000000, 0x00000000c3e00000, 0x00000000e0000000)
  object space 587776K, 69% used [0x00000000a0000000,0x00000000b90a23d8,0x00000000c3e00000)
 Metaspace       used 96760K, capacity 101378K, committed 101656K, reserved 1138688K
  class space    used 12317K, capacity 13249K, committed 13336K, reserved 1048576K
Event: 110.885 GC heap after
Heap after GC invocations=103 (full 8):
 PSYoungGen      total 397312K, used 64K [0x00000000e0000000, 0x0000000100000000, 0x0000000100000000)
  eden space 279552K, 0% used [0x00000000e0000000,0x00000000e0000000,0x00000000f1100000)
  from space 117760K, 0% used [0x00000000f1100000,0x00000000f1110000,0x00000000f8400000)
  to   space 117760K, 0% used [0x00000000f8d00000,0x00000000f8d00000,0x0000000100000000)
 ParOldGen       total 587776K, used 410256K [0x00000000a0000000, 0x00000000c3e00000, 0x00000000e0000000)
  object space 587776K, 69% used [0x00000000a0000000,0x00000000b90a43d8,0x00000000c3e00000)
 Metaspace       used 96760K, capacity 101378K, committed 101656K, reserved 1138688K
  class space    used 12317K, capacity 13249K, committed 13336K, reserved 1048576K
}
Event: 111.403 GC heap before
{Heap before GC invocations=104 (full 8):
 PSYoungGen      total 397312K, used 279616K [0x00000000e0000000, 0x0000000100000000, 0x0000000100000000)
  eden space 279552K, 100% used [0x00000000e0000000,0x00000000f1100000,0x00000000f1100000)
  from space 117760K, 0% used [0x00000000f1100000,0x00000000f1110000,0x00000000f8400000)
  to   space 117760K, 0% used [0x00000000f8d00000,0x00000000f8d00000,0x0000000100000000)
 ParOldGen       total 587776K, used 410256K [0x00000000a0000000, 0x00000000c3e00000, 0x00000000e0000000)
  object space 587776K, 69% used [0x00000000a0000000,0x00000000b90a43d8,0x00000000c3e00000)
 Metaspace       used 96761K, capacity 101378K, committed 101656K, reserved 1138688K
  class space    used 12317K, capacity 13249K, committed 13336K, reserved 1048576K
Event: 111.409 GC heap after
Heap after GC invocations=104 (full 8):
 PSYoungGen      total 403456K, used 96K [0x00000000e0000000, 0x00000000ffd00000, 0x0000000100000000)
  eden space 288768K, 0% used [0x00000000e0000000,0x00000000e0000000,0x00000000f1a00000)
  from space 114688K, 0% used [0x00000000f8d00000,0x00000000f8d18000,0x00000000ffd00000)
  to   space 116224K, 0% used [0x00000000f1a00000,0x00000000f1a00000,0x00000000f8b80000)
 ParOldGen       total 587776K, used 410272K [0x00000000a0000000, 0x00000000c3e00000, 0x00000000e0000000)
  object space 587776K, 69% used [0x00000000a0000000,0x00000000b90a83d8,0x00000000c3e00000)
 Metaspace       used 96761K, capacity 101378K, committed 101656K, reserved 1138688K
  class space    used 12317K, capacity 13249K, committed 13336K, reserved 1048576K
}
Event: 111.946 GC heap before
{Heap before GC invocations=105 (full 8):
 PSYoungGen      total 403456K, used 288864K [0x00000000e0000000, 0x00000000ffd00000, 0x0000000100000000)
  eden space 288768K, 100% used [0x00000000e0000000,0x00000000f1a00000,0x00000000f1a00000)
  from space 114688K, 0% used [0x00000000f8d00000,0x00000000f8d18000,0x00000000ffd00000)
  to   space 116224K, 0% used [0x00000000f1a00000,0x00000000f1a00000,0x00000000f8b80000)
 ParOldGen       total 587776K, used 410272K [0x00000000a0000000, 0x00000000c3e00000, 0x00000000e0000000)
  object space 587776K, 69% used [0x00000000a0000000,0x00000000b90a83d8,0x00000000c3e00000)
 Metaspace       used 96761K, capacity 101378K, committed 101656K, reserved 1138688K
  class space    used 12317K, capacity 13249K, committed 13336K, reserved 1048576K
Event: 111.952 GC heap after
Heap after GC invocations=105 (full 8):
 PSYoungGen      total 404992K, used 64K [0x00000000e0000000, 0x00000000ffc80000, 0x0000000100000000)
  eden space 288768K, 0% used [0x00000000e0000000,0x00000000e0000000,0x00000000f1a00000)
  from space 116224K, 0% used [0x00000000f1a00000,0x00000000f1a10000,0x00000000f8b80000)
  to   space 113664K, 0% used [0x00000000f8d80000,0x00000000f8d80000,0x00000000ffc80000)
 ParOldGen       total 587776K, used 410288K [0x00000000a0000000, 0x00000000c3e00000, 0x00000000e0000000)
  object space 587776K, 69% used [0x00000000a0000000,0x00000000b90ac3d8,0x00000000c3e00000)
 Metaspace       used 96761K, capacity 101378K, committed 101656K, reserved 1138688K
  class space    used 12317K, capacity 13249K, committed 13336K, reserved 1048576K
}
Event: 112.489 GC heap before
{Heap before GC invocations=106 (full 8):
 PSYoungGen      total 404992K, used 288832K [0x00000000e0000000, 0x00000000ffc80000, 0x0000000100000000)
  eden space 288768K, 100% used [0x00000000e0000000,0x00000000f1a00000,0x00000000f1a00000)
  from space 116224K, 0% used [0x00000000f1a00000,0x00000000f1a10000,0x00000000f8b80000)
  to   space 113664K, 0% used [0x00000000f8d80000,0x00000000f8d80000,0x00000000ffc80000)
 ParOldGen       total 587776K, used 410288K [0x00000000a0000000, 0x00000000c3e00000, 0x00000000e0000000)
  object space 587776K, 69% used [0x00000000a0000000,0x00000000b90ac3d8,0x00000000c3e00000)
 Metaspace       used 96762K, capacity 101378K, committed 101656K, reserved 1138688K
  class space    used 12317K, capacity 13249K, committed 13336K, reserved 1048576K
Event: 112.507 GC heap after
Heap after GC invocations=106 (full 8):
 PSYoungGen      total 402944K, used 64K [0x00000000e0000000, 0x00000000ff780000, 0x0000000100000000)
  eden space 294400K, 0% used [0x00000000e0000000,0x00000000e0000000,0x00000000f1f80000)
  from space 108544K, 0% used [0x00000000f8d80000,0x00000000f8d90000,0x00000000ff780000)
  to   space 110592K, 0% used [0x00000000f1f80000,0x00000000f1f80000,0x00000000f8b80000)
 ParOldGen       total 587776K, used 410304K [0x00000000a0000000, 0x00000000c3e00000, 0x00000000e0000000)
  object space 587776K, 69% used [0x00000000a0000000,0x00000000b90b03d8,0x00000000c3e00000)
 Metaspace       used 96762K, capacity 101378K, committed 101656K, reserved 1138688K
  class space    used 12317K, capacity 13249K, committed 13336K, reserved 1048576K
}
Event: 113.052 GC heap before
{Heap before GC invocations=107 (full 8):
 PSYoungGen      total 402944K, used 294464K [0x00000000e0000000, 0x00000000ff780000, 0x0000000100000000)
  eden space 294400K, 100% used [0x00000000e0000000,0x00000000f1f80000,0x00000000f1f80000)
  from space 108544K, 0% used [0x00000000f8d80000,0x00000000f8d90000,0x00000000ff780000)
  to   space 110592K, 0% used [0x00000000f1f80000,0x00000000f1f80000,0x00000000f8b80000)
 ParOldGen       total 587776K, used 410304K [0x00000000a0000000, 0x00000000c3e00000, 0x00000000e0000000)
  object space 587776K, 69% used [0x00000000a0000000,0x00000000b90b03d8,0x00000000c3e00000)
 Metaspace       used 96762K, capacity 101378K, committed 101656K, reserved 1138688K
  class space    used 12317K, capacity 13249K, committed 13336K, reserved 1048576K
Event: 113.056 GC heap after
Heap after GC invocations=107 (full 8):
 PSYoungGen      total 404992K, used 64K [0x00000000e0000000, 0x00000000ffc00000, 0x0000000100000000)
  eden space 294400K, 0% used [0x00000000e0000000,0x00000000e0000000,0x00000000f1f80000)
  from space 110592K, 0% used [0x00000000f1f80000,0x00000000f1f90000,0x00000000f8b80000)
  to   space 107520K, 0% used [0x00000000f9300000,0x00000000f9300000,0x00000000ffc00000)
 ParOldGen       total 587776K, used 410312K [0x00000000a0000000, 0x00000000c3e00000, 0x00000000e0000000)
  object space 587776K, 69% used [0x00000000a0000000,0x00000000b90b23d8,0x00000000c3e00000)
 Metaspace       used 96762K, capacity 101378K, committed 101656K, reserved 1138688K
  class space    used 12317K, capacity 13249K, committed 13336K, reserved 1048576K
}

