# JRE version: OpenJDK Runtime Environment (8.0_242) (build 1.8.0_242-release-1644-b3-6222593)
# Java VM: OpenJDK 64-Bit Server VM (25.242-b3-6222593 mixed mode linux-amd64 compressed oops)
Heap:
 PSYoungGen      total 457728K, used 148550K [0x00000000e0000000, 0x00000000ff980000, 0x0000000100000000)
  eden space 399872K, 30% used [0x00000000e0000000,0x00000000e7705948,0x00000000f8680000)
  from space 57856K, 46% used [0x00000000f8680000,0x00000000fa08c210,0x00000000fbf00000)
  to   space 54784K, 0% used [0x00000000fc400000,0x00000000fc400000,0x00000000ff980000)
 ParOldGen       total 204288K, used 145010K [0x00000000a0000000, 0x00000000ac780000, 0x00000000e0000000)
  object space 204288K, 70% used [0x00000000a0000000,0x00000000a8d9cb20,0x00000000ac780000)
 Metaspace       used 86653K, capacity 90874K, committed 90920K, reserved 1128448K
  class space    used 11459K, capacity 12307K, committed 12336K, reserved 1048576K
GC Heap History (10 events):
Event: 16.681 GC heap before
{Heap before GC invocations=16 (full 3):
 PSYoungGen      total 293888K, used 293883K [0x00000000e0000000, 0x00000000f7180000, 0x0000000100000000)
  eden space 258560K, 100% used [0x00000000e0000000,0x00000000efc80000,0x00000000efc80000)
  from space 35328K, 99% used [0x00000000f2d00000,0x00000000f4f7eed8,0x00000000f4f80000)
  to   space 49664K, 0% used [0x00000000efc80000,0x00000000efc80000,0x00000000f2d00000)
 ParOldGen       total 204288K, used 71603K [0x00000000a0000000, 0x00000000ac780000, 0x00000000e0000000)
  object space 204288K, 35% used [0x00000000a0000000,0x00000000a45ecfe8,0x00000000ac780000)
 Metaspace       used 76645K, capacity 79830K, committed 79912K, reserved 1118208K
  class space    used 10111K, capacity 10761K, committed 10800K, reserved 1048576K
Event: 16.761 GC heap after
Heap after GC invocations=16 (full 3):
 PSYoungGen      total 308224K, used 49635K [0x00000000e0000000, 0x00000000fc080000, 0x0000000100000000)
  eden space 258560K, 0% used [0x00000000e0000000,0x00000000e0000000,0x00000000efc80000)
  from space 49664K, 99% used [0x00000000efc80000,0x00000000f2cf8d08,0x00000000f2d00000)
  to   space 66560K, 0% used [0x00000000f7f80000,0x00000000f7f80000,0x00000000fc080000)
 ParOldGen       total 204288K, used 95692K [0x00000000a0000000, 0x00000000ac780000, 0x00000000e0000000)
  object space 204288K, 46% used [0x00000000a0000000,0x00000000a5d73068,0x00000000ac780000)
 Metaspace       used 76645K, capacity 79830K, committed 79912K, reserved 1118208K
  class space    used 10111K, capacity 10761K, committed 10800K, reserved 1048576K
}
Event: 18.321 GC heap before
{Heap before GC invocations=17 (full 3):
 PSYoungGen      total 308224K, used 308195K [0x00000000e0000000, 0x00000000fc080000, 0x0000000100000000)
  eden space 258560K, 100% used [0x00000000e0000000,0x00000000efc80000,0x00000000efc80000)
  from space 49664K, 99% used [0x00000000efc80000,0x00000000f2cf8d08,0x00000000f2d00000)
  to   space 66560K, 0% used [0x00000000f7f80000,0x00000000f7f80000,0x00000000fc080000)
 ParOldGen       total 204288K, used 95692K [0x00000000a0000000, 0x00000000ac780000, 0x00000000e0000000)
  object space 204288K, 46% used [0x00000000a0000000,0x00000000a5d73068,0x00000000ac780000)
 Metaspace       used 85252K, capacity 89380K, committed 89640K, reserved 1126400K
  class space    used 11411K, capacity 12262K, committed 12336K, reserved 1048576K
Event: 18.387 GC heap after
Heap after GC invocations=17 (full 3):
 PSYoungGen      total 394240K, used 26752K [0x00000000e0000000, 0x00000000fbe80000, 0x0000000100000000)
  eden space 329728K, 0% used [0x00000000e0000000,0x00000000e0000000,0x00000000f4200000)
  from space 64512K, 41% used [0x00000000f7f80000,0x00000000f99a0100,0x00000000fbe80000)
  to   space 62976K, 0% used [0x00000000f4200000,0x00000000f4200000,0x00000000f7f80000)
 ParOldGen       total 204288K, used 144994K [0x00000000a0000000, 0x00000000ac780000, 0x00000000e0000000)
  object space 204288K, 70% used [0x00000000a0000000,0x00000000a8d98b20,0x00000000ac780000)
 Metaspace       used 85252K, capacity 89380K, committed 89640K, reserved 1126400K
  class space    used 11411K, capacity 12262K, committed 12336K, reserved 1048576K
}
Event: 19.433 GC heap before
{Heap before GC invocations=18 (full 3):
 PSYoungGen      total 394240K, used 356480K [0x00000000e0000000, 0x00000000fbe80000, 0x0000000100000000)
  eden space 329728K, 100% used [0x00000000e0000000,0x00000000f4200000,0x00000000f4200000)
  from space 64512K, 41% used [0x00000000f7f80000,0x00000000f99a0100,0x00000000fbe80000)
  to   space 62976K, 0% used [0x00000000f4200000,0x00000000f4200000,0x00000000f7f80000)
 ParOldGen       total 204288K, used 144994K [0x00000000a0000000, 0x00000000ac780000, 0x00000000e0000000)
  object space 204288K, 70% used [0x00000000a0000000,0x00000000a8d98b20,0x00000000ac780000)
 Metaspace       used 85682K, capacity 89832K, committed 89896K, reserved 1126400K
  class space    used 11437K, capacity 12300K, committed 12336K, reserved 1048576K
Event: 19.457 GC heap after
Heap after GC invocations=18 (full 3):
 PSYoungGen      total 392704K, used 30988K [0x00000000e0000000, 0x00000000ffa80000, 0x0000000100000000)
  eden space 329728K, 0% used [0x00000000e0000000,0x00000000e0000000,0x00000000f4200000)
  from space 62976K, 49% used [0x00000000f4200000,0x00000000f6043378,0x00000000f7f80000)
  to   space 60928K, 0% used [0x00000000fbf00000,0x00000000fbf00000,0x00000000ffa80000)
 ParOldGen       total 204288K, used 145002K [0x00000000a0000000, 0x00000000ac780000, 0x00000000e0000000)
  object space 204288K, 70% used [0x00000000a0000000,0x00000000a8d9ab20,0x00000000ac780000)
 Metaspace       used 85682K, capacity 89832K, committed 89896K, reserved 1126400K
  class space    used 11437K, capacity 12300K, committed 12336K, reserved 1048576K
}
Event: 20.446 GC heap before
{Heap before GC invocations=19 (full 3):
 PSYoungGen      total 392704K, used 360716K [0x00000000e0000000, 0x00000000ffa80000, 0x0000000100000000)
  eden space 329728K, 100% used [0x00000000e0000000,0x00000000f4200000,0x00000000f4200000)
  from space 62976K, 49% used [0x00000000f4200000,0x00000000f6043378,0x00000000f7f80000)
  to   space 60928K, 0% used [0x00000000fbf00000,0x00000000fbf00000,0x00000000ffa80000)
 ParOldGen       total 204288K, used 145002K [0x00000000a0000000, 0x00000000ac780000, 0x00000000e0000000)
  object space 204288K, 70% used [0x00000000a0000000,0x00000000a8d9ab20,0x00000000ac780000)
 Metaspace       used 86069K, capacity 90268K, committed 90408K, reserved 1128448K
  class space    used 11448K, capacity 12306K, committed 12336K, reserved 1048576K
Event: 20.486 GC heap after
Heap after GC invocations=19 (full 3):
 PSYoungGen      total 458240K, used 27590K [0x00000000e0000000, 0x00000000ff800000, 0x0000000100000000)
  eden space 399872K, 0% used [0x00000000e0000000,0x00000000e0000000,0x00000000f8680000)
  from space 58368K, 47% used [0x00000000fbf00000,0x00000000fd9f1940,0x00000000ff800000)
  to   space 57856K, 0% used [0x00000000f8680000,0x00000000f8680000,0x00000000fbf00000)
 ParOldGen       total 204288K, used 145002K [0x00000000a0000000, 0x00000000ac780000, 0x00000000e0000000)
  object space 204288K, 70% used [0x00000000a0000000,0x00000000a8d9ab20,0x00000000ac780000)
 Metaspace       used 86069K, capacity 90268K, committed 90408K, reserved 1128448K
  class space    used 11448K, capacity 12306K, committed 12336K, reserved 1048576K
}
Event: 21.569 GC heap before
{Heap before GC invocations=20 (full 3):
 PSYoungGen      total 458240K, used 427462K [0x00000000e0000000, 0x00000000ff800000, 0x0000000100000000)
  eden space 399872K, 100% used [0x00000000e0000000,0x00000000f8680000,0x00000000f8680000)
  from space 58368K, 47% used [0x00000000fbf00000,0x00000000fd9f1940,0x00000000ff800000)
  to   space 57856K, 0% used [0x00000000f8680000,0x00000000f8680000,0x00000000fbf00000)
 ParOldGen       total 204288K, used 145002K [0x00000000a0000000, 0x00000000ac780000, 0x00000000e0000000)
  object space 204288K, 70% used [0x00000000a0000000,0x00000000a8d9ab20,0x00000000ac780000)
 Metaspace       used 86531K, capacity 90798K, committed 90920K, reserved 1128448K
  class space    used 11453K, capacity 12307K, committed 12336K, reserved 1048576K
Event: 21.589 GC heap after
Heap after GC invocations=20 (full 3):
 PSYoungGen      total 457728K, used 26672K [0x00000000e0000000, 0x00000000ff980000, 0x0000000100000000)
  eden space 399872K, 0% used [0x00000000e0000000,0x00000000e0000000,0x00000000f8680000)
  from space 57856K, 46% used [0x00000000f8680000,0x00000000fa08c210,0x00000000fbf00000)
  to   space 54784K, 0% used [0x00000000fc400000,0x00000000fc400000,0x00000000ff980000)
 ParOldGen       total 204288K, used 145010K [0x00000000a0000000, 0x00000000ac780000, 0x00000000e0000000)
  object space 204288K, 70% used [0x00000000a0000000,0x00000000a8d9cb20,0x00000000ac780000)
 Metaspace       used 86531K, capacity 90798K, committed 90920K, reserved 1128448K
  class space    used 11453K, capacity 12307K, committed 12336K, reserved 1048576K
}

