# JRE version: OpenJDK Runtime Environment (8.0_242) (build 1.8.0_242-release-1644-b3-6222593)
# Java VM: OpenJDK 64-Bit Server VM (25.242-b3-6222593 mixed mode linux-amd64 compressed oops)
Heap:
 PSYoungGen      total 384512K, used 47997K [0x00000000e0000000, 0x00000000ff300000, 0x0000000100000000)
  eden space 273408K, 0% used [0x00000000e0000000,0x00000000e0000000,0x00000000f0b00000)
  from space 111104K, 43% used [0x00000000f8680000,0x00000000fb55f640,0x00000000ff300000)
  to   space 118784K, 0% used [0x00000000f0b00000,0x00000000f0b00000,0x00000000f7f00000)
 ParOldGen       total 465920K, used 422799K [0x00000000a0000000, 0x00000000bc700000, 0x00000000e0000000)
  object space 465920K, 90% used [0x00000000a0000000,0x00000000b9ce3e98,0x00000000bc700000)
 Metaspace       used 87780K, capacity 91742K, committed 91800K, reserved 1128448K
  class space    used 11568K, capacity 12419K, committed 12464K, reserved 1048576K
GC Heap History (10 events):
Event: 19.975 GC heap after
Heap after GC invocations=20 (full 4):
 PSYoungGen      total 353280K, used 16956K [0x00000000e0000000, 0x0000000100000000, 0x0000000100000000)
  eden space 259072K, 0% used [0x00000000e0000000,0x00000000e0000000,0x00000000efd00000)
  from space 94208K, 17% used [0x00000000fa400000,0x00000000fb48f398,0x0000000100000000)
  to   space 132608K, 0% used [0x00000000efd00000,0x00000000efd00000,0x00000000f7e80000)
 ParOldGen       total 465920K, used 218655K [0x00000000a0000000, 0x00000000bc700000, 0x00000000e0000000)
  object space 465920K, 46% used [0x00000000a0000000,0x00000000ad587fe0,0x00000000bc700000)
 Metaspace       used 86307K, capacity 89938K, committed 91544K, reserved 1128448K
  class space    used 11383K, capacity 12195K, committed 12464K, reserved 1048576K
}
Event: 20.417 GC heap before
{Heap before GC invocations=21 (full 4):
 PSYoungGen      total 353280K, used 276028K [0x00000000e0000000, 0x0000000100000000, 0x0000000100000000)
  eden space 259072K, 100% used [0x00000000e0000000,0x00000000efd00000,0x00000000efd00000)
  from space 94208K, 17% used [0x00000000fa400000,0x00000000fb48f398,0x0000000100000000)
  to   space 132608K, 0% used [0x00000000efd00000,0x00000000efd00000,0x00000000f7e80000)
 ParOldGen       total 465920K, used 218655K [0x00000000a0000000, 0x00000000bc700000, 0x00000000e0000000)
  object space 465920K, 46% used [0x00000000a0000000,0x00000000ad587fe0,0x00000000bc700000)
 Metaspace       used 86333K, capacity 90018K, committed 91544K, reserved 1128448K
  class space    used 11387K, capacity 12197K, committed 12464K, reserved 1048576K
Event: 20.514 GC heap after
Heap after GC invocations=21 (full 4):
 PSYoungGen      total 391680K, used 67290K [0x00000000e0000000, 0x0000000100000000, 0x0000000100000000)
  eden space 259072K, 0% used [0x00000000e0000000,0x00000000e0000000,0x00000000efd00000)
  from space 132608K, 50% used [0x00000000efd00000,0x00000000f3eb6bd8,0x00000000f7e80000)
  to   space 130560K, 0% used [0x00000000f8080000,0x00000000f8080000,0x0000000100000000)
 ParOldGen       total 465920K, used 232564K [0x00000000a0000000, 0x00000000bc700000, 0x00000000e0000000)
  object space 465920K, 49% used [0x00000000a0000000,0x00000000ae31d0b0,0x00000000bc700000)
 Metaspace       used 86333K, capacity 90018K, committed 91544K, reserved 1128448K
  class space    used 11387K, capacity 12197K, committed 12464K, reserved 1048576K
}
Event: 20.790 GC heap before
{Heap before GC invocations=22 (full 4):
 PSYoungGen      total 391680K, used 326362K [0x00000000e0000000, 0x0000000100000000, 0x0000000100000000)
  eden space 259072K, 100% used [0x00000000e0000000,0x00000000efd00000,0x00000000efd00000)
  from space 132608K, 50% used [0x00000000efd00000,0x00000000f3eb6bd8,0x00000000f7e80000)
  to   space 130560K, 0% used [0x00000000f8080000,0x00000000f8080000,0x0000000100000000)
 ParOldGen       total 465920K, used 232564K [0x00000000a0000000, 0x00000000bc700000, 0x00000000e0000000)
  object space 465920K, 49% used [0x00000000a0000000,0x00000000ae31d0b0,0x00000000bc700000)
 Metaspace       used 86334K, capacity 90018K, committed 91544K, reserved 1128448K
  class space    used 11388K, capacity 12197K, committed 12464K, reserved 1048576K
Event: 20.894 GC heap after
Heap after GC invocations=22 (full 4):
 PSYoungGen      total 381440K, used 61622K [0x00000000e0000000, 0x00000000ff600000, 0x0000000100000000)
  eden space 261120K, 0% used [0x00000000e0000000,0x00000000e0000000,0x00000000eff00000)
  from space 120320K, 51% used [0x00000000f8080000,0x00000000fbcad9a8,0x00000000ff600000)
  to   space 126464K, 0% used [0x00000000eff00000,0x00000000eff00000,0x00000000f7a80000)
 ParOldGen       total 465920K, used 298899K [0x00000000a0000000, 0x00000000bc700000, 0x00000000e0000000)
  object space 465920K, 64% used [0x00000000a0000000,0x00000000b23e4e18,0x00000000bc700000)
 Metaspace       used 86334K, capacity 90018K, committed 91544K, reserved 1128448K
  class space    used 11388K, capacity 12197K, committed 12464K, reserved 1048576K
}
Event: 21.335 GC heap before
{Heap before GC invocations=23 (full 4):
 PSYoungGen      total 381440K, used 322742K [0x00000000e0000000, 0x00000000ff600000, 0x0000000100000000)
  eden space 261120K, 100% used [0x00000000e0000000,0x00000000eff00000,0x00000000eff00000)
  from space 120320K, 51% used [0x00000000f8080000,0x00000000fbcad9a8,0x00000000ff600000)
  to   space 126464K, 0% used [0x00000000eff00000,0x00000000eff00000,0x00000000f7a80000)
 ParOldGen       total 465920K, used 298899K [0x00000000a0000000, 0x00000000bc700000, 0x00000000e0000000)
  object space 465920K, 64% used [0x00000000a0000000,0x00000000b23e4e18,0x00000000bc700000)
 Metaspace       used 86370K, capacity 90028K, committed 91544K, reserved 1128448K
  class space    used 11389K, capacity 12198K, committed 12464K, reserved 1048576K
Event: 21.442 GC heap after
Heap after GC invocations=23 (full 4):
 PSYoungGen      total 387584K, used 67484K [0x00000000e0000000, 0x0000000100000000, 0x0000000100000000)
  eden space 261120K, 0% used [0x00000000e0000000,0x00000000e0000000,0x00000000eff00000)
  from space 126464K, 53% used [0x00000000eff00000,0x00000000f40e71a8,0x00000000f7a80000)
  to   space 124416K, 0% used [0x00000000f8680000,0x00000000f8680000,0x0000000100000000)
 ParOldGen       total 465920K, used 360308K [0x00000000a0000000, 0x00000000bc700000, 0x00000000e0000000)
  object space 465920K, 77% used [0x00000000a0000000,0x00000000b5fdd190,0x00000000bc700000)
 Metaspace       used 86370K, capacity 90028K, committed 91544K, reserved 1128448K
  class space    used 11389K, capacity 12198K, committed 12464K, reserved 1048576K
}
Event: 22.594 GC heap before
{Heap before GC invocations=24 (full 4):
 PSYoungGen      total 387584K, used 328604K [0x00000000e0000000, 0x0000000100000000, 0x0000000100000000)
  eden space 261120K, 100% used [0x00000000e0000000,0x00000000eff00000,0x00000000eff00000)
  from space 126464K, 53% used [0x00000000eff00000,0x00000000f40e71a8,0x00000000f7a80000)
  to   space 124416K, 0% used [0x00000000f8680000,0x00000000f8680000,0x0000000100000000)
 ParOldGen       total 465920K, used 360308K [0x00000000a0000000, 0x00000000bc700000, 0x00000000e0000000)
  object space 465920K, 77% used [0x00000000a0000000,0x00000000b5fdd190,0x00000000bc700000)
 Metaspace       used 87780K, capacity 91742K, committed 91800K, reserved 1128448K
  class space    used 11568K, capacity 12419K, committed 12464K, reserved 1048576K
Event: 22.693 GC heap after
Heap after GC invocations=24 (full 4):
 PSYoungGen      total 384512K, used 47997K [0x00000000e0000000, 0x00000000ff300000, 0x0000000100000000)
  eden space 273408K, 0% used [0x00000000e0000000,0x00000000e0000000,0x00000000f0b00000)
  from space 111104K, 43% used [0x00000000f8680000,0x00000000fb55f640,0x00000000ff300000)
  to   space 118784K, 0% used [0x00000000f0b00000,0x00000000f0b00000,0x00000000f7f00000)
 ParOldGen       total 465920K, used 422799K [0x00000000a0000000, 0x00000000bc700000, 0x00000000e0000000)
  object space 465920K, 90% used [0x00000000a0000000,0x00000000b9ce3e98,0x00000000bc700000)
 Metaspace       used 87780K, capacity 91742K, committed 91800K, reserved 1128448K
  class space    used 11568K, capacity 12419K, committed 12464K, reserved 1048576K
}
Event: 22.693 GC heap before
{Heap before GC invocations=25 (full 5):
 PSYoungGen      total 384512K, used 47997K [0x00000000e0000000, 0x00000000ff300000, 0x0000000100000000)
  eden space 273408K, 0% used [0x00000000e0000000,0x00000000e0000000,0x00000000f0b00000)
  from space 111104K, 43% used [0x00000000f8680000,0x00000000fb55f640,0x00000000ff300000)
  to   space 118784K, 0% used [0x00000000f0b00000,0x00000000f0b00000,0x00000000f7f00000)
 ParOldGen       total 465920K, used 422799K [0x00000000a0000000, 0x00000000bc700000, 0x00000000e0000000)
  object space 465920K, 90% used [0x00000000a0000000,0x00000000b9ce3e98,0x00000000bc700000)
 Metaspace       used 87780K, capacity 91742K, committed 91800K, reserved 1128448K
  class space    used 11568K, capacity 12419K, committed 12464K, reserved 1048576K

